#
# There is insufficient memory for the Java Runtime Environment to continue.
# Native memory allocation (malloc) failed to allocate 86976 bytes for Chunk::new
# Possible reasons:
#   The system is out of physical RAM or swap space
#   The process is running with CompressedOops enabled, and the Java Heap may be blocking the growth of the native heap
# Possible solutions:
#   Reduce memory load on the system
#   Increase physical memory or swap space
#   Check if swap backing store is full
#   Decrease Java heap size (-Xmx/-Xms)
#   Decrease number of Java threads
#   Decrease Java thread stack sizes (-Xss)
#   Set larger code cache with -XX:ReservedCodeCacheSize=
#   JVM is running with Unscaled Compressed Oops mode in which the Java heap is
#     placed in the first 4GB address space. The Java Heap base address is the
#     maximum limit for the native heap growth. Please use -XX:HeapBaseMinAddress
#     to set the Java Heap base and to place the Java Heap above 4GB virtual address.
# This output file may be truncated or incomplete.
#
#  Out of Memory Error (allocation.cpp:389), pid=9428, tid=0x00000000000027b0
#
# JRE version: OpenJDK Runtime Environment (8.0_212-b04) (build 1.8.0_212-release-1586-b04)
# Java VM: OpenJDK 64-Bit Server VM (25.212-b04 mixed mode windows-amd64 compressed oops)
# Failed to write core dump. Minidumps are not enabled by default on client versions of Windows
#

---------------  T H R E A D  ---------------

Current thread (0x0000000016b92000):  JavaThread "C2 CompilerThread1" daemon [_thread_in_native, id=10160, stack(0x0000000018300000,0x0000000018400000)]

Stack: [0x0000000018300000,0x0000000018400000]
[error occurred during error reporting (printing stack bounds), id 0xc0000005]

Native frames: (J=compiled Java code, j=interpreted, Vv=VM code, C=native code)


Current CompileTask:
C2:   6218 2477       4       org.objectweb.asm.Frame::execute (2318 bytes)


---------------  P R O C E S S  ---------------

Java Threads: ( => current thread )
  0x0000000019a5b000 JavaThread "Cache worker for execution history cache (C:\Users\nga\.gradle\caches\5.6.4\executionHistory)" [_thread_blocked, id=7364, stack(0x0000000020d50000,0x0000000020e50000)]
  0x0000000019a5c000 JavaThread "Cache worker for cache directory md-rule (C:\Users\nga\.gradle\caches\5.6.4\md-rule)" [_thread_blocked, id=7316, stack(0x000000001f190000,0x000000001f290000)]
  0x0000000019a26800 JavaThread "Cache worker for cache directory md-supplier (C:\Users\nga\.gradle\caches\5.6.4\md-supplier)" [_thread_blocked, id=1028, stack(0x000000001eec0000,0x000000001efc0000)]
  0x0000000019a23800 JavaThread "Cache worker for file hash cache (D:\ChuongTrinh\AndroidBuoi_5\.gradle\5.6.4\fileHashes)" [_thread_blocked, id=9836, stack(0x000000001f090000,0x000000001f190000)]
  0x0000000019a25000 JavaThread "Cache worker for journal cache (C:\Users\nga\.gradle\caches\journal-1)" [_thread_blocked, id=10944, stack(0x000000001c920000,0x000000001ca20000)]
  0x0000000019a28800 JavaThread "File lock request listener" [_thread_in_native, id=6228, stack(0x000000001c820000,0x000000001c920000)]
  0x000000001a789000 JavaThread "Cache worker for file hash cache (C:\Users\nga\.gradle\caches\5.6.4\fileHashes)" [_thread_blocked, id=3568, stack(0x000000001c720000,0x000000001c820000)]
  0x000000001a6a5000 JavaThread "Thread-9" [_thread_blocked, id=10004, stack(0x000000001c420000,0x000000001c520000)]
  0x000000001a670800 JavaThread "Stdin handler" [_thread_blocked, id=10048, stack(0x000000001c320000,0x000000001c420000)]
  0x000000001a66c800 JavaThread "Asynchronous log dispatcher for DefaultDaemonConnection: socket connection from /127.0.0.1:49856 to /127.0.0.1:49857" [_thread_blocked, id=3520, stack(0x000000001c220000,0x000000001c320000)]
  0x000000001a66b000 JavaThread "Daemon worker" [_thread_in_native, id=6848, stack(0x000000001c120000,0x000000001c220000)]
  0x000000001a66a000 JavaThread "Cancel handler" [_thread_blocked, id=9104, stack(0x000000001c020000,0x000000001c120000)]
  0x000000001a64f800 JavaThread "Handler for socket connection from /127.0.0.1:49856 to /127.0.0.1:49857" [_thread_in_native, id=5932, stack(0x000000001bd20000,0x000000001be20000)]
  0x000000001a645800 JavaThread "Daemon" [_thread_blocked, id=5704, stack(0x000000001bc20000,0x000000001bd20000)]
  0x000000001a5ff800 JavaThread "Daemon periodic checks" [_thread_blocked, id=10720, stack(0x000000001bb20000,0x000000001bc20000)]
  0x000000001a5f4800 JavaThread "Incoming local TCP Connector on port 49856" [_thread_in_native, id=5036, stack(0x000000001b8e0000,0x000000001b9e0000)]
  0x000000001a4fb800 JavaThread "Daemon health stats" [_thread_blocked, id=5272, stack(0x000000001b2a0000,0x000000001b3a0000)]
  0x0000000016bee000 JavaThread "Service Thread" daemon [_thread_blocked, id=7492, stack(0x0000000018900000,0x0000000018a00000)]
  0x0000000016b99800 JavaThread "C1 CompilerThread2" daemon [_thread_blocked, id=1748, stack(0x0000000018400000,0x0000000018500000)]
=>0x0000000016b92000 JavaThread "C2 CompilerThread1" daemon [_thread_in_native, id=10160, stack(0x0000000018300000,0x0000000018400000)]
  0x0000000016b8e000 JavaThread "C2 CompilerThread0" daemon [_thread_in_native, id=7724, stack(0x0000000018200000,0x0000000018300000)]
  0x0000000016b8c000 JavaThread "Attach Listener" daemon [_thread_blocked, id=3872, stack(0x0000000018100000,0x0000000018200000)]
  0x0000000016b8b000 JavaThread "Signal Dispatcher" daemon [_thread_blocked, id=3612, stack(0x0000000018000000,0x0000000018100000)]
  0x000000000321b800 JavaThread "Finalizer" daemon [_thread_blocked, id=6308, stack(0x0000000017e00000,0x0000000017f00000)]
  0x0000000003213000 JavaThread "Reference Handler" daemon [_thread_blocked, id=10724, stack(0x0000000017d00000,0x0000000017e00000)]
  0x000000000301d800 JavaThread "main" [_thread_blocked, id=7240, stack(0x0000000003020000,0x0000000003120000)]

Other Threads:
  0x0000000016b56800 VMThread [stack: 0x0000000017c00000,0x0000000017d00000] [id=3984]
  0x0000000018533800 WatcherThread [stack: 0x0000000018a00000,0x0000000018b00000] [id=5816]

VM state:not at safepoint (normal execution)

VM Mutex/Monitor currently owned by a thread: None

heap address: 0x00000000a0000000, size: 1536 MB, Compressed Oops mode: 32-bit
Narrow klass base: 0x0000000000000000, Narrow klass shift: 3
Compressed class space size: 1073741824 Address: 0x0000000100000000

Heap:
 PSYoungGen      total 69632K, used 31456K [0x00000000e0000000, 0x00000000e6080000, 0x0000000100000000)
  eden space 62976K, 42% used [0x00000000e0000000,0x00000000e1a19fe0,0x00000000e3d80000)
  from space 6656K, 71% used [0x00000000e3d80000,0x00000000e421e288,0x00000000e4400000)
  to   space 8192K, 0% used [0x00000000e5880000,0x00000000e5880000,0x00000000e6080000)
 ParOldGen       total 35840K, used 14877K [0x00000000a0000000, 0x00000000a2300000, 0x00000000e0000000)
  object space 35840K, 41% used [0x00000000a0000000,0x00000000a0e877f8,0x00000000a2300000)
 Metaspace       used 33196K, capacity 33760K, committed 34048K, reserved 1079296K
  class space    used 4552K, capacity 4775K, committed 4864K, reserved 1048576K

Card table byte_map: [0x00000000125e0000,0x00000000128f0000] byte_map_base: 0x00000000120e0000

Marking Bits: (ParMarkBitMap*) 0x0000000066969f30
 Begin Bits: [0x0000000012ef0000, 0x00000000146f0000)
 End Bits:   [0x00000000146f0000, 0x0000000015ef0000)

Polling page: 0x00000000012f0000

CodeCache: size=245760Kb used=9821Kb max_used=9821Kb free=235938Kb
 bounds [0x0000000003220000, 0x0000000003bc0000, 0x0000000012220000]
 total_blobs=3220 nmethods=2530 adapters=603
 compilation: enabled

Compilation events (10 events):
Event: 6.134 Thread 0x0000000016b99800 2531       3       jdk.internal.org.objectweb.asm.ClassWriter::visitMethod (24 bytes)
Event: 6.135 Thread 0x0000000016b99800 nmethod 2531 0x0000000003bb5750 code [0x0000000003bb58c0, 0x0000000003bb5b08]
Event: 6.135 Thread 0x0000000016b99800 2534       3       java.util.concurrent.locks.AbstractQueuedSynchronizer$ConditionObject::checkInterruptWhileWaiting (27 bytes)
Event: 6.136 Thread 0x0000000016b99800 nmethod 2534 0x0000000003bb5bd0 code [0x0000000003bb5da0, 0x0000000003bb63f8]
Event: 6.136 Thread 0x0000000016b99800 2535       1       java.util.regex.Pattern::flags (5 bytes)
Event: 6.136 Thread 0x0000000016b99800 nmethod 2535 0x0000000003bb6650 code [0x0000000003bb67a0, 0x0000000003bb68b0]
Event: 6.136 Thread 0x0000000016b99800 2536       3       java.util.regex.Pattern::range (279 bytes)
Event: 6.141 Thread 0x0000000016b99800 nmethod 2536 0x0000000003bb6910 code [0x0000000003bb6dc0, 0x0000000003bb9668]
Event: 6.161 Thread 0x0000000016b99800 2537       3       org.gradle.internal.logging.slf4j.OutputEventListenerBackedLogger::isDebugEnabled (8 bytes)
Event: 6.162 Thread 0x0000000016b99800 nmethod 2537 0x0000000003bbae50 code [0x0000000003bbafe0, 0x0000000003bbb4a8]

GC Heap History (10 events):
Event: 3.276 GC heap before
{Heap before GC invocations=8 (full 0):
 PSYoungGen      total 37376K, used 37047K [0x00000000e0000000, 0x00000000e4a00000, 0x0000000100000000)
  eden space 31744K, 100% used [0x00000000e0000000,0x00000000e1f00000,0x00000000e1f00000)
  from space 5632K, 94% used [0x00000000e1f00000,0x00000000e242de10,0x00000000e2480000)
  to   space 6144K, 0% used [0x00000000e4400000,0x00000000e4400000,0x00000000e4a00000)
 ParOldGen       total 44032K, used 4419K [0x00000000a0000000, 0x00000000a2b00000, 0x00000000e0000000)
  object space 44032K, 10% used [0x00000000a0000000,0x00000000a0450d48,0x00000000a2b00000)
 Metaspace       used 17428K, capacity 17870K, committed 18048K, reserved 1064960K
  class space    used 2503K, capacity 2659K, committed 2688K, reserved 1048576K
Event: 3.290 GC heap after
Heap after GC invocations=8 (full 0):
 PSYoungGen      total 69120K, used 5556K [0x00000000e0000000, 0x00000000e4b00000, 0x0000000100000000)
  eden space 62976K, 0% used [0x00000000e0000000,0x00000000e0000000,0x00000000e3d80000)
  from space 6144K, 90% used [0x00000000e4400000,0x00000000e496d108,0x00000000e4a00000)
  to   space 6656K, 0% used [0x00000000e3d80000,0x00000000e3d80000,0x00000000e4400000)
 ParOldGen       total 44032K, used 5075K [0x00000000a0000000, 0x00000000a2b00000, 0x00000000e0000000)
  object space 44032K, 11% used [0x00000000a0000000,0x00000000a04f4d48,0x00000000a2b00000)
 Metaspace       used 17428K, capacity 17870K, committed 18048K, reserved 1064960K
  class space    used 2503K, capacity 2659K, committed 2688K, reserved 1048576K
}
Event: 3.878 GC heap before
{Heap before GC invocations=9 (full 0):
 PSYoungGen      total 69120K, used 37498K [0x00000000e0000000, 0x00000000e4b00000, 0x0000000100000000)
  eden space 62976K, 50% used [0x00000000e0000000,0x00000000e1f31700,0x00000000e3d80000)
  from space 6144K, 90% used [0x00000000e4400000,0x00000000e496d108,0x00000000e4a00000)
  to   space 6656K, 0% used [0x00000000e3d80000,0x00000000e3d80000,0x00000000e4400000)
 ParOldGen       total 44032K, used 5075K [0x00000000a0000000, 0x00000000a2b00000, 0x00000000e0000000)
  object space 44032K, 11% used [0x00000000a0000000,0x00000000a04f4d48,0x00000000a2b00000)
 Metaspace       used 20713K, capacity 21202K, committed 21296K, reserved 1067008K
  class space    used 2993K, capacity 3161K, committed 3200K, reserved 1048576K
Event: 3.889 GC heap after
Heap after GC invocations=9 (full 0):
 PSYoungGen      total 69632K, used 5989K [0x00000000e0000000, 0x00000000e4b00000, 0x0000000100000000)
  eden space 62976K, 0% used [0x00000000e0000000,0x00000000e0000000,0x00000000e3d80000)
  from space 6656K, 89% used [0x00000000e3d80000,0x00000000e4359590,0x00000000e4400000)
  to   space 6144K, 0% used [0x00000000e4400000,0x00000000e4400000,0x00000000e4a00000)
 ParOldGen       total 44032K, used 6415K [0x00000000a0000000, 0x00000000a2b00000, 0x00000000e0000000)
  object space 44032K, 14% used [0x00000000a0000000,0x00000000a0643dc8,0x00000000a2b00000)
 Metaspace       used 20713K, capacity 21202K, committed 21296K, reserved 1067008K
  class space    used 2993K, capacity 3161K, committed 3200K, reserved 1048576K
}
Event: 3.889 GC heap before
{Heap before GC invocations=10 (full 1):
 PSYoungGen      total 69632K, used 5989K [0x00000000e0000000, 0x00000000e4b00000, 0x0000000100000000)
  eden space 62976K, 0% used [0x00000000e0000000,0x00000000e0000000,0x00000000e3d80000)
  from space 6656K, 89% used [0x00000000e3d80000,0x00000000e4359590,0x00000000e4400000)
  to   space 6144K, 0% used [0x00000000e4400000,0x00000000e4400000,0x00000000e4a00000)
 ParOldGen       total 44032K, used 6415K [0x00000000a0000000, 0x00000000a2b00000, 0x00000000e0000000)
  object space 44032K, 14% used [0x00000000a0000000,0x00000000a0643dc8,0x00000000a2b00000)
 Metaspace       used 20713K, capacity 21202K, committed 21296K, reserved 1067008K
  class space    used 2993K, capacity 3161K, committed 3200K, reserved 1048576K
Event: 3.947 GC heap after
Heap after GC invocations=10 (full 1):
 PSYoungGen      total 69632K, used 0K [0x00000000e0000000, 0x00000000e4b00000, 0x0000000100000000)
  eden space 62976K, 0% used [0x00000000e0000000,0x00000000e0000000,0x00000000e3d80000)
  from space 6656K, 0% used [0x00000000e3d80000,0x00000000e3d80000,0x00000000e4400000)
  to   space 6144K, 0% used [0x00000000e4400000,0x00000000e4400000,0x00000000e4a00000)
 ParOldGen       total 35840K, used 9758K [0x00000000a0000000, 0x00000000a2300000, 0x00000000e0000000)
  object space 35840K, 27% used [0x00000000a0000000,0x00000000a0987a30,0x00000000a2300000)
 Metaspace       used 20713K, capacity 21202K, committed 21296K, reserved 1067008K
  class space    used 2993K, capacity 3161K, committed 3200K, reserved 1048576K
}
Event: 5.056 GC heap before
{Heap before GC invocations=11 (full 1):
 PSYoungGen      total 69632K, used 62976K [0x00000000e0000000, 0x00000000e4b00000, 0x0000000100000000)
  eden space 62976K, 100% used [0x00000000e0000000,0x00000000e3d80000,0x00000000e3d80000)
  from space 6656K, 0% used [0x00000000e3d80000,0x00000000e3d80000,0x00000000e4400000)
  to   space 6144K, 0% used [0x00000000e4400000,0x00000000e4400000,0x00000000e4a00000)
 ParOldGen       total 35840K, used 9758K [0x00000000a0000000, 0x00000000a2300000, 0x00000000e0000000)
  object space 35840K, 27% used [0x00000000a0000000,0x00000000a0987a30,0x00000000a2300000)
 Metaspace       used 29051K, capacity 29640K, committed 29824K, reserved 1075200K
  class space    used 3913K, capacity 4131K, committed 4224K, reserved 1048576K
Event: 5.064 GC heap after
Heap after GC invocations=11 (full 1):
 PSYoungGen      total 69120K, used 6124K [0x00000000e0000000, 0x00000000e4b00000, 0x0000000100000000)
  eden space 62976K, 0% used [0x00000000e0000000,0x00000000e0000000,0x00000000e3d80000)
  from space 6144K, 99% used [0x00000000e4400000,0x00000000e49fb2f0,0x00000000e4a00000)
  to   space 6656K, 0% used [0x00000000e3d80000,0x00000000e3d80000,0x00000000e4400000)
 ParOldGen       total 35840K, used 11473K [0x00000000a0000000, 0x00000000a2300000, 0x00000000e0000000)
  object space 35840K, 32% used [0x00000000a0000000,0x00000000a0b347c8,0x00000000a2300000)
 Metaspace       used 29051K, capacity 29640K, committed 29824K, reserved 1075200K
  class space    used 3913K, capacity 4131K, committed 4224K, reserved 1048576K
}
Event: 5.823 GC heap before
{Heap before GC invocations=12 (full 1):
 PSYoungGen      total 69120K, used 69100K [0x00000000e0000000, 0x00000000e4b00000, 0x0000000100000000)
  eden space 62976K, 100% used [0x00000000e0000000,0x00000000e3d80000,0x00000000e3d80000)
  from space 6144K, 99% used [0x00000000e4400000,0x00000000e49fb2f0,0x00000000e4a00000)
  to   space 6656K, 0% used [0x00000000e3d80000,0x00000000e3d80000,0x00000000e4400000)
 ParOldGen       total 35840K, used 11473K [0x00000000a0000000, 0x00000000a2300000, 0x00000000e0000000)
  object space 35840K, 32% used [0x00000000a0000000,0x00000000a0b347c8,0x00000000a2300000)
 Metaspace       used 31912K, capacity 32556K, committed 32768K, reserved 1077248K
  class space    used 4373K, capacity 4591K, committed 4608K, reserved 1048576K
Event: 5.836 GC heap after
Heap after GC invocations=12 (full 1):
 PSYoungGen      total 69632K, used 4728K [0x00000000e0000000, 0x00000000e6080000, 0x0000000100000000)
  eden space 62976K, 0% used [0x00000000e0000000,0x00000000e0000000,0x00000000e3d80000)
  from space 6656K, 71% used [0x00000000e3d80000,0x00000000e421e288,0x00000000e4400000)
  to   space 8192K, 0% used [0x00000000e5880000,0x00000000e5880000,0x00000000e6080000)
 ParOldGen       total 35840K, used 14877K [0x00000000a0000000, 0x00000000a2300000, 0x00000000e0000000)
  object space 35840K, 41% used [0x00000000a0000000,0x00000000a0e877f8,0x00000000a2300000)
 Metaspace       used 31912K, capacity 32556K, committed 32768K, reserved 1077248K
  class space    used 4373K, capacity 4591K, committed 4608K, reserved 1048576K
}

Deoptimization events (10 events):
Event: 4.790 Thread 0x000000001a66b000 Uncommon trap: reason=unstable_if action=reinterpret pc=0x000000000392c6c0 method=java.util.HashMap.putVal(ILjava/lang/Object;Ljava/lang/Object;ZZ)Ljava/lang/Object; @ 85
Event: 4.852 Thread 0x000000001a66b000 Uncommon trap: reason=unstable_if action=reinterpret pc=0x00000000034f2430 method=java.util.LinkedHashMap.afterNodeInsertion(Z)V @ 1
Event: 5.066 Thread 0x0000000003213000 Uncommon trap: reason=unstable_if action=reinterpret pc=0x000000000374167c method=java.lang.ref.Reference.tryHandlePending(Z)Z @ 104
Event: 5.093 Thread 0x000000001a66b000 Uncommon trap: reason=class_check action=maybe_recompile pc=0x000000000386cad8 method=sun.misc.URLClassPath.getLoader(I)Lsun/misc/URLClassPath$Loader; @ 94
Event: 5.093 Thread 0x000000001a66b000 Uncommon trap: reason=unstable_if action=reinterpret pc=0x0000000003a2d7a0 method=java.lang.String.regionMatches(ZILjava/lang/String;II)Z @ 41
Event: 5.099 Thread 0x000000001a66b000 Uncommon trap: reason=class_check action=maybe_recompile pc=0x0000000003875228 method=sun.misc.URLClassPath.getLoader(I)Lsun/misc/URLClassPath$Loader; @ 239
Event: 5.233 Thread 0x000000001a66b000 Uncommon trap: reason=unstable_if action=reinterpret pc=0x00000000034ca88c method=java.io.WinNTFileSystem.resolve(Ljava/lang/String;Ljava/lang/String;)Ljava/lang/String; @ 49
Event: 5.332 Thread 0x000000001a66b000 Uncommon trap: reason=bimorphic action=maybe_recompile pc=0x0000000003a6e478 method=java.util.WeakHashMap.eq(Ljava/lang/Object;Ljava/lang/Object;)Z @ 7
Event: 5.817 Thread 0x000000001a66b000 Uncommon trap: reason=unstable_if action=reinterpret pc=0x000000000347f868 method=java.net.URI.match(CJJ)Z @ 45
Event: 5.817 Thread 0x000000001a66b000 Uncommon trap: reason=unstable_if action=reinterpret pc=0x000000000338e648 method=java.net.URI.match(CJJ)Z @ 19

Classes redefined (0 events):
No events

Internal exceptions (10 events):
Event: 5.343 Thread 0x000000001a66b000 Exception <a 'java/lang/ClassNotFoundException': org/gradle/api/internal/artifacts/dsl/DefaultRepositoryHandlerCustomizer> (0x00000000e133f020) thrown at [D:\src\AOSP-openjdk-cygwin\jdk8u\hotspot\src\share\vm\classfile\systemDictionary.cpp, line 210]
Event: 5.346 Thread 0x000000001a66b000 Exception <a 'java/lang/ClassNotFoundException': org/gradle/api/internal/artifacts/dsl/DefaultRepositoryHandler_DecoratedCustomizer> (0x00000000e13bb538) thrown at [D:\src\AOSP-openjdk-cygwin\jdk8u\hotspot\src\share\vm\classfile\systemDictionary.cpp, line
Event: 5.776 Thread 0x000000001a66b000 Exception <a 'java/lang/ClassNotFoundException': org/gradle/api/internal/artifacts/dsl/dependencies/DefaultDependencyHandler_DecoratedBeanInfo> (0x00000000e39a77f8) thrown at [D:\src\AOSP-openjdk-cygwin\jdk8u\hotspot\src\share\vm\classfile\systemDictionar
Event: 5.777 Thread 0x000000001a66b000 Exception <a 'java/lang/ClassNotFoundException': org/gradle/api/internal/artifacts/dsl/dependencies/DefaultDependencyHandlerBeanInfo> (0x00000000e3a004a8) thrown at [D:\src\AOSP-openjdk-cygwin\jdk8u\hotspot\src\share\vm\classfile\systemDictionary.cpp, lin
Event: 5.779 Thread 0x000000001a66b000 Exception <a 'java/lang/ClassNotFoundException': org/gradle/api/internal/artifacts/dsl/dependencies/DefaultDependencyHandlerCustomizer> (0x00000000e3a5a048) thrown at [D:\src\AOSP-openjdk-cygwin\jdk8u\hotspot\src\share\vm\classfile\systemDictionary.cpp, l
Event: 5.785 Thread 0x000000001a66b000 Exception <a 'java/lang/ClassNotFoundException': org/gradle/api/internal/artifacts/dsl/dependencies/DefaultDependencyHandler_DecoratedCustomizer> (0x00000000e3aea010) thrown at [D:\src\AOSP-openjdk-cygwin\jdk8u\hotspot\src\share\vm\classfile\systemDiction
Event: 6.056 Thread 0x000000001a66b000 Exception <a 'java/lang/IncompatibleClassChangeError': Found class java.lang.Object, but interface was expected> (0x00000000e1310df8) thrown at [D:\src\AOSP-openjdk-cygwin\jdk8u\hotspot\src\share\vm\interpreter\linkResolver.cpp, line 653]
Event: 6.059 Thread 0x000000001a66b000 Exception <a 'java/lang/NoSuchMethodError': java.lang.Object.lambda$comparing$77a9974f$1(Ljava/util/function/Function;Ljava/lang/Object;Ljava/lang/Object;)I> (0x00000000e131c500) thrown at [D:\src\AOSP-openjdk-cygwin\jdk8u\hotspot\src\share\vm\interpreter
Event: 6.064 Thread 0x000000001a66b000 Exception <a 'java/lang/NoSuchMethodError': java.lang.Object.lambda$thenComparing$36697e65$1(Ljava/util/Comparator;Ljava/lang/Object;Ljava/lang/Object;)I> (0x00000000e1330668) thrown at [D:\src\AOSP-openjdk-cygwin\jdk8u\hotspot\src\share\vm\interpreter\li
Event: 6.070 Thread 0x000000001a66b000 Exception <a 'java/lang/NoSuchMethodError': java.lang.Object.lambda$comparing$ea9a8b3a$1(Ljava/util/Comparator;Ljava/util/function/Function;Ljava/lang/Object;Ljava/lang/Object;)I> (0x00000000e134a1f8) thrown at [D:\src\AOSP-openjdk-cygwin\jdk8u\hotspot\sr

Events (10 events):
Event: 6.166 loading class org/gradle/api/internal/artifacts/ivyservice/resolveengine/result/ComponentIdentifierSerializer$Implementation
Event: 6.166 loading class org/gradle/api/internal/artifacts/ivyservice/resolveengine/result/ComponentIdentifierSerializer$Implementation done
Event: 6.168 loading class org/gradle/internal/resource/local/DefaultLocallyAvailableResource
Event: 6.168 loading class org/gradle/internal/resource/local/DefaultLocallyAvailableResource done
Event: 6.169 loading class org/gradle/internal/resource/local/AbstractLocallyAvailableResource
Event: 6.169 loading class org/gradle/internal/resource/local/AbstractLocallyAvailableResource done
Event: 6.169 loading class org/gradle/api/internal/artifacts/ivyservice/modulecache/StringDeduplicatingDecoder
Event: 6.169 loading class org/gradle/api/internal/artifacts/ivyservice/modulecache/StringDeduplicatingDecoder done
Event: 6.171 loading class org/gradle/api/internal/artifacts/ivyservice/modulecache/ModuleMetadataSerializer$Reader
Event: 6.171 loading class org/gradle/api/internal/artifacts/ivyservice/modulecache/ModuleMetadataSerializer$Reader done


Dynamic libraries:
0x00007ff7e4fc0000 - 0x00007ff7e4ff1000 	C:\Android\AndroidStudio\jre\bin\java.exe
0x00007ffc72f00000 - 0x00007ffc730f0000 	C:\Windows\SYSTEM32\ntdll.dll
0x00007ffc723d0000 - 0x00007ffc72482000 	C:\Windows\System32\KERNEL32.DLL
0x00007ffc70d00000 - 0x00007ffc70fa3000 	C:\Windows\System32\KERNELBASE.dll
0x00007ffc72060000 - 0x00007ffc72103000 	C:\Windows\System32\ADVAPI32.dll
0x00007ffc72500000 - 0x00007ffc7259e000 	C:\Windows\System32\msvcrt.dll
0x00007ffc72280000 - 0x00007ffc72317000 	C:\Windows\System32\sechost.dll
0x00007ffc71cc0000 - 0x00007ffc71de0000 	C:\Windows\System32\RPCRT4.dll
0x00007ffc71310000 - 0x00007ffc714a4000 	C:\Windows\System32\USER32.dll
0x00007ffc70790000 - 0x00007ffc707b1000 	C:\Windows\System32\win32u.dll
0x00007ffc721d0000 - 0x00007ffc721f6000 	C:\Windows\System32\GDI32.dll
0x00007ffc70b60000 - 0x00007ffc70cf4000 	C:\Windows\System32\gdi32full.dll
0x00007ffc6ff10000 - 0x00007ffc6ffae000 	C:\Windows\System32\msvcp_win.dll
0x00007ffc707c0000 - 0x00007ffc708ba000 	C:\Windows\System32\ucrtbase.dll
0x00007ffc692b0000 - 0x00007ffc69535000 	C:\Windows\WinSxS\amd64_microsoft.windows.common-controls_6595b64144ccf1df_6.0.18362.778_none_e6c6b761130d4fb8\COMCTL32.dll
0x00007ffc71920000 - 0x00007ffc71c56000 	C:\Windows\System32\combase.dll
0x00007ffc6fe90000 - 0x00007ffc6ff10000 	C:\Windows\System32\bcryptPrimitives.dll
0x00007ffc70fb0000 - 0x00007ffc70fde000 	C:\Windows\System32\IMM32.DLL
0x00000000660c0000 - 0x0000000066192000 	C:\Android\AndroidStudio\jre\jre\bin\msvcr100.dll
0x00000000661a0000 - 0x00000000669e6000 	C:\Android\AndroidStudio\jre\jre\bin\server\jvm.dll
0x00007ffc71190000 - 0x00007ffc71198000 	C:\Windows\System32\PSAPI.DLL
0x00007ffc64100000 - 0x00007ffc64109000 	C:\Windows\SYSTEM32\WSOCK32.dll
0x00007ffc6da00000 - 0x00007ffc6da24000 	C:\Windows\SYSTEM32\WINMM.dll
0x00007ffc71de0000 - 0x00007ffc71e4f000 	C:\Windows\System32\WS2_32.dll
0x00007ffc65470000 - 0x00007ffc6547a000 	C:\Windows\SYSTEM32\VERSION.dll
0x00007ffc6d9d0000 - 0x00007ffc6d9fd000 	C:\Windows\SYSTEM32\WINMMBASE.dll
0x00007ffc708c0000 - 0x00007ffc7090a000 	C:\Windows\System32\cfgmgr32.dll
0x00007ffc640e0000 - 0x00007ffc640ef000 	C:\Android\AndroidStudio\jre\jre\bin\verify.dll
0x00007ffc4a6e0000 - 0x00007ffc4a709000 	C:\Android\AndroidStudio\jre\jre\bin\java.dll
0x00007ffc63800000 - 0x00007ffc63816000 	C:\Android\AndroidStudio\jre\jre\bin\zip.dll
0x00007ffc725a0000 - 0x00007ffc72c85000 	C:\Windows\System32\SHELL32.dll
0x00007ffc72320000 - 0x00007ffc723c9000 	C:\Windows\System32\shcore.dll
0x00007ffc6ffb0000 - 0x00007ffc70730000 	C:\Windows\System32\windows.storage.dll
0x00007ffc6fdd0000 - 0x00007ffc6fdf3000 	C:\Windows\System32\profapi.dll
0x00007ffc6fe40000 - 0x00007ffc6fe8a000 	C:\Windows\System32\powrprof.dll
0x00007ffc6fdc0000 - 0x00007ffc6fdd0000 	C:\Windows\System32\UMPDC.dll
0x00007ffc71c60000 - 0x00007ffc71cb2000 	C:\Windows\System32\shlwapi.dll
0x00007ffc6fe00000 - 0x00007ffc6fe11000 	C:\Windows\System32\kernel.appcore.dll
0x00007ffc70b10000 - 0x00007ffc70b27000 	C:\Windows\System32\cryptsp.dll
0x00007ffc4a810000 - 0x00007ffc4a82a000 	C:\Android\AndroidStudio\jre\jre\bin\net.dll
0x00007ffc62f40000 - 0x00007ffc63115000 	C:\Windows\SYSTEM32\urlmon.dll
0x00007ffc63240000 - 0x00007ffc634e6000 	C:\Windows\SYSTEM32\iertutil.dll
0x00007ffc6f7a0000 - 0x00007ffc6f7ac000 	C:\Windows\SYSTEM32\CRYPTBASE.DLL
0x00007ffc6f5d0000 - 0x00007ffc6f637000 	C:\Windows\system32\mswsock.dll
0x00007ffc4a6c0000 - 0x00007ffc4a6d3000 	C:\Android\AndroidStudio\jre\jre\bin\nio.dll
0x00007ffc64410000 - 0x00007ffc64436000 	C:\Users\nga\.gradle\native\30\windows-amd64\native-platform.dll
0x00007ffc63bb0000 - 0x00007ffc63bbd000 	C:\Android\AndroidStudio\jre\jre\bin\management.dll
0x00007ffc6f140000 - 0x00007ffc6f173000 	C:\Windows\system32\rsaenh.dll
0x00007ffc70b30000 - 0x00007ffc70b56000 	C:\Windows\System32\bcrypt.dll
0x00007ffc6fcb0000 - 0x00007ffc6fcd5000 	C:\Windows\SYSTEM32\USERENV.dll
0x00007ffc6f2e0000 - 0x00007ffc6f31a000 	C:\Windows\SYSTEM32\IPHLPAPI.DLL
0x00007ffc72110000 - 0x00007ffc72118000 	C:\Windows\System32\NSI.dll
0x00007ffc666b0000 - 0x00007ffc666c6000 	C:\Windows\SYSTEM32\dhcpcsvc6.DLL
0x00007ffc672a0000 - 0x00007ffc672bc000 	C:\Windows\SYSTEM32\dhcpcsvc.DLL
0x00007ffc6f320000 - 0x00007ffc6f3ea000 	C:\Windows\SYSTEM32\DNSAPI.dll

VM Arguments:
jvm_args: -Xmx1536m -Dfile.encoding=windows-1252 -Duser.country=US -Duser.language=en -Duser.variant 
java_command: org.gradle.launcher.daemon.bootstrap.GradleDaemon 5.6.4
java_class_path (initial): C:\Users\nga\.gradle\wrapper\dists\gradle-5.6.4-all\ankdp27end7byghfw1q2sw75f\gradle-5.6.4\lib\gradle-launcher-5.6.4.jar
Launcher Type: SUN_STANDARD

Environment Variables:
PATH=C:\Windows\system32;C:\Windows;C:\Windows\System32\Wbem;C:\Windows\System32\WindowsPowerShell\v1.0\;C:\Windows\System32\OpenSSH\;C:\Program Files (x86)\Microsoft SQL Server\150\DTS\Binn\;C:\Program Files\Microsoft SQL Server\Client SDK\ODBC\130\Tools\Binn\;C:\Program Files (x86)\Microsoft SQL Server\140\Tools\Binn\;C:\Program Files\Microsoft SQL Server\140\Tools\Binn\;C:\Program Files\Microsoft SQL Server\140\DTS\Binn\;C:\Program Files\Git\cmd;C:\Program Files\Microsoft SQL Server\130\Tools\Binn\;C:\Program Files\dotnet\;C:\Program Files\Microsoft SQL Server\Client SDK\ODBC\170\Tools\Binn\;C:\Users\nga\AppData\Local\Microsoft\WindowsApps
USERNAME=nga
OS=Windows_NT
PROCESSOR_IDENTIFIER=Intel64 Family 6 Model 58 Stepping 9, GenuineIntel



---------------  S Y S T E M  ---------------

OS: Windows 10.0 , 64 bit Build 18362 (10.0.18362.778)

CPU:total 4 (initial active 4) (2 cores per cpu, 2 threads per core) family 6 model 58 stepping 9, cmov, cx8, fxsr, mmx, sse, sse2, sse3, ssse3, sse4.1, sse4.2, popcnt, avx, clmul, erms, ht, tsc, tscinvbit, tscinv

Memory: 4k page, physical 4077168k(479712k free), swap 5125744k(5256k free)

vm_info: OpenJDK 64-Bit Server VM (25.212-b04) for windows-amd64 JRE (1.8.0_212-release-1586-b04), built by "builder" with MS VC++ 10.0 (VS2010)

time: Sat May 16 16:11:48 2020
timezone: SE Asia Standard Time
elapsed time: 6 seconds (0d 0h 0m 6s)

