#
# There is insufficient memory for the Java Runtime Environment to continue.
# Native memory allocation (malloc) failed to allocate 529936 bytes for Chunk::new
# Possible reasons:
#   The system is out of physical RAM or swap space
#   The process is running with CompressedOops enabled, and the Java Heap may be blocking the growth of the native heap
# Possible solutions:
#   Reduce memory load on the system
#   Increase physical memory or swap space
#   Check if swap backing store is full
#   Decrease Java heap size (-Xmx/-Xms)
#   Decrease number of Java threads
#   Decrease Java thread stack sizes (-Xss)
#   Set larger code cache with -XX:ReservedCodeCacheSize=
#   JVM is running with Unscaled Compressed Oops mode in which the Java heap is
#     placed in the first 4GB address space. The Java Heap base address is the
#     maximum limit for the native heap growth. Please use -XX:HeapBaseMinAddress
#     to set the Java Heap base and to place the Java Heap above 4GB virtual address.
# This output file may be truncated or incomplete.
#
#  Out of Memory Error (allocation.cpp:389), pid=6140, tid=0x00000000000011e8
#
# JRE version: OpenJDK Runtime Environment (8.0_212-b04) (build 1.8.0_212-release-1586-b04)
# Java VM: OpenJDK 64-Bit Server VM (25.212-b04 mixed mode windows-amd64 compressed oops)
# Failed to write core dump. Minidumps are not enabled by default on client versions of Windows
#

---------------  T H R E A D  ---------------

Current thread (0x000000001638d800):  JavaThread "C2 CompilerThread0" daemon [_thread_in_native, id=4584, stack(0x00000000179e0000,0x0000000017ae0000)]

Stack: [0x00000000179e0000,0x0000000017ae0000]
[error occurred during error reporting (printing stack bounds), id 0xc0000005]

Native frames: (J=compiled Java code, j=interpreted, Vv=VM code, C=native code)


Current CompileTask:
C2:  10136 3854       4       org.objectweb.asm.MethodWriter::visitMethodInsn (191 bytes)


---------------  P R O C E S S  ---------------

Java Threads: ( => current thread )
  0x00000000193f4000 JavaThread "Cache worker for Build Output Cleanup Cache (D:\ChuongTrinh\AndroidBuoi_5\.gradle\buildOutputCleanup)" [_thread_blocked, id=7020, stack(0x0000000021fd0000,0x00000000220d0000)]
  0x00000000193ec800 JavaThread "Build operations Thread 4" [_thread_blocked, id=5176, stack(0x0000000021ad0000,0x0000000021bd0000)]
  0x00000000193f1800 JavaThread "Build operations Thread 3" [_thread_blocked, id=8304, stack(0x00000000219d0000,0x0000000021ad0000)]
  0x00000000193f3000 JavaThread "Build operations Thread 2" [_thread_blocked, id=6504, stack(0x00000000218d0000,0x00000000219d0000)]
  0x00000000193f1000 JavaThread "Build operations" [_thread_blocked, id=9972, stack(0x00000000217d0000,0x00000000218d0000)]
  0x00000000193f2800 JavaThread "Cache worker for execution history cache (C:\Users\nga\.gradle\caches\5.6.4\executionHistory)" [_thread_blocked, id=4692, stack(0x00000000214d0000,0x00000000215d0000)]
  0x0000000019eba000 JavaThread "Cache worker for cache directory md-rule (C:\Users\nga\.gradle\caches\5.6.4\md-rule)" [_thread_blocked, id=10528, stack(0x000000001ff50000,0x0000000020050000)]
  0x0000000019ec0800 JavaThread "Cache worker for cache directory md-supplier (C:\Users\nga\.gradle\caches\5.6.4\md-supplier)" [_thread_blocked, id=10432, stack(0x000000001e6a0000,0x000000001e7a0000)]
  0x0000000019eba800 JavaThread "Cache worker for file hash cache (D:\ChuongTrinh\AndroidBuoi_5\.gradle\5.6.4\fileHashes)" [_thread_blocked, id=9180, stack(0x000000001e880000,0x000000001e980000)]
  0x0000000019ebe800 JavaThread "Cache worker for journal cache (C:\Users\nga\.gradle\caches\journal-1)" [_thread_blocked, id=5668, stack(0x000000001c100000,0x000000001c200000)]
  0x0000000019ebd800 JavaThread "File lock request listener" [_thread_in_native, id=4948, stack(0x000000001c000000,0x000000001c100000)]
  0x0000000019ebb800 JavaThread "Cache worker for file hash cache (C:\Users\nga\.gradle\caches\5.6.4\fileHashes)" [_thread_blocked, id=2352, stack(0x000000001bf00000,0x000000001c000000)]
  0x0000000019cd5800 JavaThread "Thread-9" [_thread_blocked, id=5496, stack(0x000000001bc00000,0x000000001bd00000)]
  0x0000000019c57000 JavaThread "Stdin handler" [_thread_blocked, id=6008, stack(0x000000001bb00000,0x000000001bc00000)]
  0x0000000019cc8000 JavaThread "Asynchronous log dispatcher for DefaultDaemonConnection: socket connection from /127.0.0.1:49865 to /127.0.0.1:49866" [_thread_blocked, id=9572, stack(0x000000001ba00000,0x000000001bb00000)]
  0x0000000019cc5800 JavaThread "Daemon worker" [_thread_in_vm, id=6900, stack(0x000000001b900000,0x000000001ba00000)]
  0x0000000019d8f800 JavaThread "Cancel handler" [_thread_blocked, id=6396, stack(0x000000001b800000,0x000000001b900000)]
  0x0000000019c54000 JavaThread "Handler for socket connection from /127.0.0.1:49865 to /127.0.0.1:49866" [_thread_in_native, id=6484, stack(0x000000001b500000,0x000000001b600000)]
  0x0000000019c42800 JavaThread "Daemon" [_thread_blocked, id=6000, stack(0x000000001b400000,0x000000001b500000)]
  0x0000000019c19000 JavaThread "Daemon periodic checks" [_thread_blocked, id=10892, stack(0x000000001b300000,0x000000001b400000)]
  0x0000000019c18000 JavaThread "Incoming local TCP Connector on port 49865" [_thread_in_native, id=10844, stack(0x000000001b0c0000,0x000000001b1c0000)]
  0x0000000018335800 JavaThread "Daemon health stats" [_thread_blocked, id=10564, stack(0x000000001aa80000,0x000000001ab80000)]
  0x0000000017d08800 JavaThread "Service Thread" daemon [_thread_blocked, id=10072, stack(0x00000000180e0000,0x00000000181e0000)]
  0x0000000016398000 JavaThread "C1 CompilerThread2" daemon [_thread_in_native, id=7208, stack(0x0000000017be0000,0x0000000017ce0000)]
  0x0000000016391800 JavaThread "C2 CompilerThread1" daemon [_thread_in_native, id=9676, stack(0x0000000017ae0000,0x0000000017be0000)]
=>0x000000001638d800 JavaThread "C2 CompilerThread0" daemon [_thread_in_native, id=4584, stack(0x00000000179e0000,0x0000000017ae0000)]
  0x000000001638c000 JavaThread "Attach Listener" daemon [_thread_blocked, id=4672, stack(0x00000000178e0000,0x00000000179e0000)]
  0x000000001638a800 JavaThread "Signal Dispatcher" daemon [_thread_blocked, id=7164, stack(0x00000000177e0000,0x00000000178e0000)]
  0x0000000002a1c800 JavaThread "Finalizer" daemon [_thread_blocked, id=6316, stack(0x00000000175e0000,0x00000000176e0000)]
  0x0000000002a13000 JavaThread "Reference Handler" daemon [_thread_blocked, id=7652, stack(0x00000000174e0000,0x00000000175e0000)]
  0x000000000281d800 JavaThread "main" [_thread_blocked, id=5248, stack(0x0000000002820000,0x0000000002920000)]

Other Threads:
  0x0000000016356800 VMThread [stack: 0x00000000173e0000,0x00000000174e0000] [id=5736]
  0x00000000163ec000 WatcherThread [stack: 0x00000000181e0000,0x00000000182e0000] [id=6272]

VM state:not at safepoint (normal execution)

VM Mutex/Monitor currently owned by a thread: None

heap address: 0x00000000a0000000, size: 1536 MB, Compressed Oops mode: 32-bit
Narrow klass base: 0x0000000000000000, Narrow klass shift: 3
Compressed class space size: 1073741824 Address: 0x0000000100000000

Heap:
 PSYoungGen      total 94720K, used 35575K [0x00000000e0000000, 0x00000000e6680000, 0x0000000100000000)
  eden space 84480K, 30% used [0x00000000e0000000,0x00000000e18c2838,0x00000000e5280000)
  from space 10240K, 99% used [0x00000000e5280000,0x00000000e5c7b3e0,0x00000000e5c80000)
  to   space 10240K, 0% used [0x00000000e5c80000,0x00000000e5c80000,0x00000000e6680000)
 ParOldGen       total 37376K, used 17483K [0x00000000a0000000, 0x00000000a2480000, 0x00000000e0000000)
  object space 37376K, 46% used [0x00000000a0000000,0x00000000a1112c88,0x00000000a2480000)
 Metaspace       used 45189K, capacity 46216K, committed 46336K, reserved 1089536K
  class space    used 6071K, capacity 6350K, committed 6400K, reserved 1048576K

Card table byte_map: [0x0000000011de0000,0x00000000120f0000] byte_map_base: 0x00000000118e0000

Marking Bits: (ParMarkBitMap*) 0x0000000066969f30
 Begin Bits: [0x00000000126f0000, 0x0000000013ef0000)
 End Bits:   [0x0000000013ef0000, 0x00000000156f0000)

Polling page: 0x00000000009d0000

CodeCache: size=245760Kb used=12682Kb max_used=12682Kb free=233077Kb
 bounds [0x0000000002a20000, 0x0000000003690000, 0x0000000011a20000]
 total_blobs=4468 nmethods=3712 adapters=669
 compilation: enabled

Compilation events (10 events):
Event: 9.904 Thread 0x000000001638d800 nmethod 3851 0x0000000002c12a50 code [0x0000000002c12ba0, 0x0000000002c12e18]
Event: 9.904 Thread 0x000000001638d800 3854       4       org.objectweb.asm.MethodWriter::visitMethodInsn (191 bytes)
Event: 9.908 Thread 0x0000000016398000 nmethod 3857 0x0000000002fc2f50 code [0x0000000002fc35c0, 0x0000000002fc87f8]
Event: 9.908 Thread 0x0000000016398000 3858       3       org.objectweb.asm.Frame::getInitializedType (153 bytes)
Event: 9.909 Thread 0x0000000016398000 nmethod 3858 0x0000000002c11cd0 code [0x0000000002c11e80, 0x0000000002c125d8]
Event: 9.909 Thread 0x0000000016398000 3855       3       org.objectweb.asm.SymbolTable::addConstantInteger (7 bytes)
Event: 9.909 Thread 0x0000000016398000 nmethod 3855 0x0000000002bde510 code [0x0000000002bde680, 0x0000000002bde808]
Event: 9.966 Thread 0x0000000016391800 nmethod 3826 0x0000000002fbe9d0 code [0x0000000002fbec20, 0x0000000002fc0fd0]
Event: 9.992 Thread 0x0000000016398000 3859       1       com.google.common.collect.MapMakerInternalMap$1::clear (1 bytes)
Event: 9.992 Thread 0x0000000016398000 nmethod 3859 0x0000000002f175d0 code [0x0000000002f17720, 0x0000000002f17830]

GC Heap History (10 events):
Event: 6.009 GC heap before
{Heap before GC invocations=9 (full 1):
 PSYoungGen      total 72704K, used 64512K [0x00000000e0000000, 0x00000000e5000000, 0x0000000100000000)
  eden space 64512K, 100% used [0x00000000e0000000,0x00000000e3f00000,0x00000000e3f00000)
  from space 8192K, 0% used [0x00000000e3f00000,0x00000000e3f00000,0x00000000e4700000)
  to   space 7168K, 0% used [0x00000000e4700000,0x00000000e4700000,0x00000000e4e00000)
 ParOldGen       total 37376K, used 9650K [0x00000000a0000000, 0x00000000a2480000, 0x00000000e0000000)
  object space 37376K, 25% used [0x00000000a0000000,0x00000000a096ca78,0x00000000a2480000)
 Metaspace       used 29146K, capacity 29706K, committed 30080K, reserved 1075200K
  class space    used 3936K, capacity 4133K, committed 4224K, reserved 1048576K
Event: 6.022 GC heap after
Heap after GC invocations=9 (full 1):
 PSYoungGen      total 70144K, used 7142K [0x00000000e0000000, 0x00000000e7600000, 0x0000000100000000)
  eden space 62976K, 0% used [0x00000000e0000000,0x00000000e0000000,0x00000000e3d80000)
  from space 7168K, 99% used [0x00000000e4700000,0x00000000e4df98b8,0x00000000e4e00000)
  to   space 9728K, 0% used [0x00000000e3d80000,0x00000000e3d80000,0x00000000e4700000)
 ParOldGen       total 37376K, used 10527K [0x00000000a0000000, 0x00000000a2480000, 0x00000000e0000000)
  object space 37376K, 28% used [0x00000000a0000000,0x00000000a0a47cc8,0x00000000a2480000)
 Metaspace       used 29146K, capacity 29706K, committed 30080K, reserved 1075200K
  class space    used 3936K, capacity 4133K, committed 4224K, reserved 1048576K
}
Event: 6.931 GC heap before
{Heap before GC invocations=10 (full 1):
 PSYoungGen      total 70144K, used 70118K [0x00000000e0000000, 0x00000000e7600000, 0x0000000100000000)
  eden space 62976K, 100% used [0x00000000e0000000,0x00000000e3d80000,0x00000000e3d80000)
  from space 7168K, 99% used [0x00000000e4700000,0x00000000e4df98b8,0x00000000e4e00000)
  to   space 9728K, 0% used [0x00000000e3d80000,0x00000000e3d80000,0x00000000e4700000)
 ParOldGen       total 37376K, used 10527K [0x00000000a0000000, 0x00000000a2480000, 0x00000000e0000000)
  object space 37376K, 28% used [0x00000000a0000000,0x00000000a0a47cc8,0x00000000a2480000)
 Metaspace       used 31973K, capacity 32584K, committed 32896K, reserved 1077248K
  class space    used 4388K, capacity 4623K, committed 4736K, reserved 1048576K
Event: 6.943 GC heap after
Heap after GC invocations=10 (full 1):
 PSYoungGen      total 72704K, used 8068K [0x00000000e0000000, 0x00000000e6680000, 0x0000000100000000)
  eden space 62976K, 0% used [0x00000000e0000000,0x00000000e0000000,0x00000000e3d80000)
  from space 9728K, 82% used [0x00000000e3d80000,0x00000000e45610b8,0x00000000e4700000)
  to   space 10240K, 0% used [0x00000000e5c80000,0x00000000e5c80000,0x00000000e6680000)
 ParOldGen       total 37376K, used 10535K [0x00000000a0000000, 0x00000000a2480000, 0x00000000e0000000)
  object space 37376K, 28% used [0x00000000a0000000,0x00000000a0a49cc8,0x00000000a2480000)
 Metaspace       used 31973K, capacity 32584K, committed 32896K, reserved 1077248K
  class space    used 4388K, capacity 4623K, committed 4736K, reserved 1048576K
}
Event: 8.083 GC heap before
{Heap before GC invocations=11 (full 1):
 PSYoungGen      total 72704K, used 68732K [0x00000000e0000000, 0x00000000e6680000, 0x0000000100000000)
  eden space 62976K, 96% used [0x00000000e0000000,0x00000000e3b3e240,0x00000000e3d80000)
  from space 9728K, 82% used [0x00000000e3d80000,0x00000000e45610b8,0x00000000e4700000)
  to   space 10240K, 0% used [0x00000000e5c80000,0x00000000e5c80000,0x00000000e6680000)
 ParOldGen       total 37376K, used 10535K [0x00000000a0000000, 0x00000000a2480000, 0x00000000e0000000)
  object space 37376K, 28% used [0x00000000a0000000,0x00000000a0a49cc8,0x00000000a2480000)
 Metaspace       used 34568K, capacity 35396K, committed 35456K, reserved 1079296K
  class space    used 4751K, capacity 4965K, committed 4992K, reserved 1048576K
Event: 8.100 GC heap after
Heap after GC invocations=11 (full 1):
 PSYoungGen      total 94720K, used 6542K [0x00000000e0000000, 0x00000000e6680000, 0x0000000100000000)
  eden space 84480K, 0% used [0x00000000e0000000,0x00000000e0000000,0x00000000e5280000)
  from space 10240K, 63% used [0x00000000e5c80000,0x00000000e62e3918,0x00000000e6680000)
  to   space 10240K, 0% used [0x00000000e5280000,0x00000000e5280000,0x00000000e5c80000)
 ParOldGen       total 37376K, used 13987K [0x00000000a0000000, 0x00000000a2480000, 0x00000000e0000000)
  object space 37376K, 37% used [0x00000000a0000000,0x00000000a0da8cf8,0x00000000a2480000)
 Metaspace       used 34568K, capacity 35396K, committed 35456K, reserved 1079296K
  class space    used 4751K, capacity 4965K, committed 4992K, reserved 1048576K
}
Event: 8.100 GC heap before
{Heap before GC invocations=12 (full 2):
 PSYoungGen      total 94720K, used 6542K [0x00000000e0000000, 0x00000000e6680000, 0x0000000100000000)
  eden space 84480K, 0% used [0x00000000e0000000,0x00000000e0000000,0x00000000e5280000)
  from space 10240K, 63% used [0x00000000e5c80000,0x00000000e62e3918,0x00000000e6680000)
  to   space 10240K, 0% used [0x00000000e5280000,0x00000000e5280000,0x00000000e5c80000)
 ParOldGen       total 37376K, used 13987K [0x00000000a0000000, 0x00000000a2480000, 0x00000000e0000000)
  object space 37376K, 37% used [0x00000000a0000000,0x00000000a0da8cf8,0x00000000a2480000)
 Metaspace       used 34568K, capacity 35396K, committed 35456K, reserved 1079296K
  class space    used 4751K, capacity 4965K, committed 4992K, reserved 1048576K
Event: 8.184 GC heap after
Heap after GC invocations=12 (full 2):
 PSYoungGen      total 94720K, used 0K [0x00000000e0000000, 0x00000000e6680000, 0x0000000100000000)
  eden space 84480K, 0% used [0x00000000e0000000,0x00000000e0000000,0x00000000e5280000)
  from space 10240K, 0% used [0x00000000e5c80000,0x00000000e5c80000,0x00000000e6680000)
  to   space 10240K, 0% used [0x00000000e5280000,0x00000000e5280000,0x00000000e5c80000)
 ParOldGen       total 37376K, used 16757K [0x00000000a0000000, 0x00000000a2480000, 0x00000000e0000000)
  object space 37376K, 44% used [0x00000000a0000000,0x00000000a105d530,0x00000000a2480000)
 Metaspace       used 34554K, capacity 35348K, committed 35456K, reserved 1079296K
  class space    used 4746K, capacity 4957K, committed 4992K, reserved 1048576K
}
Event: 9.658 GC heap before
{Heap before GC invocations=13 (full 2):
 PSYoungGen      total 94720K, used 84480K [0x00000000e0000000, 0x00000000e6680000, 0x0000000100000000)
  eden space 84480K, 100% used [0x00000000e0000000,0x00000000e5280000,0x00000000e5280000)
  from space 10240K, 0% used [0x00000000e5c80000,0x00000000e5c80000,0x00000000e6680000)
  to   space 10240K, 0% used [0x00000000e5280000,0x00000000e5280000,0x00000000e5c80000)
 ParOldGen       total 37376K, used 16757K [0x00000000a0000000, 0x00000000a2480000, 0x00000000e0000000)
  object space 37376K, 44% used [0x00000000a0000000,0x00000000a105d530,0x00000000a2480000)
 Metaspace       used 43264K, capacity 44306K, committed 44672K, reserved 1087488K
  class space    used 5848K, capacity 6149K, committed 6272K, reserved 1048576K
Event: 9.740 GC heap after
Heap after GC invocations=13 (full 2):
 PSYoungGen      total 94720K, used 10220K [0x00000000e0000000, 0x00000000e6680000, 0x0000000100000000)
  eden space 84480K, 0% used [0x00000000e0000000,0x00000000e0000000,0x00000000e5280000)
  from space 10240K, 99% used [0x00000000e5280000,0x00000000e5c7b3e0,0x00000000e5c80000)
  to   space 10240K, 0% used [0x00000000e5c80000,0x00000000e5c80000,0x00000000e6680000)
 ParOldGen       total 37376K, used 17483K [0x00000000a0000000, 0x00000000a2480000, 0x00000000e0000000)
  object space 37376K, 46% used [0x00000000a0000000,0x00000000a1112c88,0x00000000a2480000)
 Metaspace       used 43264K, capacity 44306K, committed 44672K, reserved 1087488K
  class space    used 5848K, capacity 6149K, committed 6272K, reserved 1048576K
}

Deoptimization events (10 events):
Event: 9.422 Thread 0x0000000019cc5800 Uncommon trap: reason=unstable_if action=reinterpret pc=0x0000000002ee7c7c method=java.lang.CharacterDataLatin1.isWhitespace(I)Z @ 14
Event: 9.469 Thread 0x0000000019cc5800 Uncommon trap: reason=unstable_if action=reinterpret pc=0x000000000357992c method=java.util.jar.JarFile.maybeInstantiateVerifier()V @ 4
Event: 9.471 Thread 0x0000000019cc5800 Uncommon trap: reason=unstable_if action=reinterpret pc=0x0000000002f06c30 method=java.util.jar.JarFile.maybeInstantiateVerifier()V @ 4
Event: 9.472 Thread 0x0000000019cc5800 Uncommon trap: reason=unstable_if action=reinterpret pc=0x0000000002fdd56c method=java.security.CodeSource.getCertificates()[Ljava/security/cert/Certificate; @ 22
Event: 9.473 Thread 0x0000000019cc5800 Uncommon trap: reason=unstable_if action=reinterpret pc=0x0000000003569f28 method=java.util.jar.JarFile.maybeInstantiateVerifier()V @ 4
Event: 9.473 Thread 0x0000000019cc5800 Uncommon trap: reason=unstable_if action=reinterpret pc=0x00000000034a57f8 method=java.security.CodeSource.matchCerts(Ljava/security/CodeSource;Z)Z @ 11
Event: 9.473 Thread 0x0000000019cc5800 Uncommon trap: reason=unstable_if action=reinterpret pc=0x000000000354b5a8 method=java.lang.ClassLoader.compareCerts([Ljava/security/cert/Certificate;[Ljava/security/cert/Certificate;)Z @ 1
Event: 9.517 Thread 0x0000000019cc5800 Uncommon trap: reason=unstable_if action=reinterpret pc=0x0000000002b4ec38 method=java.util.LinkedHashMap.get(Ljava/lang/Object;)Ljava/lang/Object; @ 20
Event: 9.565 Thread 0x0000000019cc5800 Uncommon trap: reason=unstable_if action=reinterpret pc=0x00000000034936bc method=java.security.CodeSource.matchCerts(Ljava/security/CodeSource;Z)Z @ 11
Event: 9.600 Thread 0x0000000019cc5800 Uncommon trap: reason=unstable_if action=reinterpret pc=0x00000000032c6f68 method=org.objectweb.asm.ByteVector.putUTF8(Ljava/lang/String;)Lorg/objectweb/asm/ByteVector; @ 93

Classes redefined (0 events):
No events

Internal exceptions (10 events):
Event: 8.277 Thread 0x0000000019cc5800 Exception <a 'java/lang/ClassNotFoundException': org/gradle/api/tasks/DeleteCustomizer> (0x00000000e05db940) thrown at [D:\src\AOSP-openjdk-cygwin\jdk8u\hotspot\src\share\vm\classfile\systemDictionary.cpp, line 210]
Event: 8.279 Thread 0x0000000019cc5800 Exception <a 'java/lang/ClassNotFoundException': org/gradle/api/tasks/Delete_DecoratedCustomizer> (0x00000000e06284e0) thrown at [D:\src\AOSP-openjdk-cygwin\jdk8u\hotspot\src\share\vm\classfile\systemDictionary.cpp, line 210]
Event: 8.326 Thread 0x0000000019cc5800 Exception <a 'java/lang/ClassNotFoundException': build_4viu4l8o6ko76y1exd1i0dattBeanInfo> (0x00000000e074dfc8) thrown at [D:\src\AOSP-openjdk-cygwin\jdk8u\hotspot\src\share\vm\classfile\systemDictionary.cpp, line 210]
Event: 8.326 Thread 0x0000000019cc5800 Exception <a 'java/lang/ClassNotFoundException': build_4viu4l8o6ko76y1exd1i0dattCustomizer> (0x00000000e075a9a8) thrown at [D:\src\AOSP-openjdk-cygwin\jdk8u\hotspot\src\share\vm\classfile\systemDictionary.cpp, line 210]
Event: 8.331 Thread 0x0000000019cc5800 Exception <a 'java/lang/ClassNotFoundException': org/gradle/api/internal/plugins/DefaultObjectConfigurationActionBeanInfo> (0x00000000e07d11b8) thrown at [D:\src\AOSP-openjdk-cygwin\jdk8u\hotspot\src\share\vm\classfile\systemDictionary.cpp, line 210]
Event: 8.332 Thread 0x0000000019cc5800 Exception <a 'java/lang/ClassNotFoundException': org/gradle/api/internal/plugins/DefaultObjectConfigurationActionCustomizer> (0x00000000e0814018) thrown at [D:\src\AOSP-openjdk-cygwin\jdk8u\hotspot\src\share\vm\classfile\systemDictionary.cpp, line 210]
Event: 9.862 Thread 0x0000000019cc5800 Exception <a 'java/lang/ClassNotFoundException': com/android/build/gradle/internal/api/DefaultAndroidSourceSet_DecoratedBeanInfo> (0x00000000e0547810) thrown at [D:\src\AOSP-openjdk-cygwin\jdk8u\hotspot\src\share\vm\classfile\systemDictionary.cpp, line 21
Event: 9.863 Thread 0x0000000019cc5800 Exception <a 'java/lang/ClassNotFoundException': com/android/build/gradle/internal/api/DefaultAndroidSourceSetBeanInfo> (0x00000000e0564cc8) thrown at [D:\src\AOSP-openjdk-cygwin\jdk8u\hotspot\src\share\vm\classfile\systemDictionary.cpp, line 210]
Event: 9.863 Thread 0x0000000019cc5800 Exception <a 'java/lang/ClassNotFoundException': com/android/build/gradle/internal/api/DefaultAndroidSourceSetCustomizer> (0x00000000e0582680) thrown at [D:\src\AOSP-openjdk-cygwin\jdk8u\hotspot\src\share\vm\classfile\systemDictionary.cpp, line 210]
Event: 9.865 Thread 0x0000000019cc5800 Exception <a 'java/lang/ClassNotFoundException': com/android/build/gradle/internal/api/DefaultAndroidSourceSet_DecoratedCustomizer> (0x00000000e05ecfa8) thrown at [D:\src\AOSP-openjdk-cygwin\jdk8u\hotspot\src\share\vm\classfile\systemDictionary.cpp, line 

Events (10 events):
Event: 9.989 loading class com/android/builder/core/VariantType
Event: 9.989 loading class com/android/builder/core/VariantType done
Event: 9.990 loading class com/android/build/gradle/internal/variant/TestVariantData
Event: 9.990 loading class com/android/build/gradle/internal/variant/TestVariantData done
Event: 9.992 loading class com/android/builder/core/ManifestAttributeSupplier
Event: 9.992 loading class com/android/builder/core/ManifestAttributeSupplier done
Event: 9.993 loading class com/android/build/gradle/internal/dependency/AndroidXDependencySubstitution
Event: 9.993 loading class com/android/build/gradle/internal/dependency/AndroidXDependencySubstitution done
Event: 9.994 loading class com/android/tools/build/jetifier/processor/Processor
Event: 9.994 loading class com/android/tools/build/jetifier/processor/Processor done


Dynamic libraries:
0x00007ff7e4fc0000 - 0x00007ff7e4ff1000 	C:\Android\AndroidStudio\jre\bin\java.exe
0x00007ffc72f00000 - 0x00007ffc730f0000 	C:\Windows\SYSTEM32\ntdll.dll
0x00007ffc723d0000 - 0x00007ffc72482000 	C:\Windows\System32\KERNEL32.DLL
0x00007ffc70d00000 - 0x00007ffc70fa3000 	C:\Windows\System32\KERNELBASE.dll
0x00007ffc72060000 - 0x00007ffc72103000 	C:\Windows\System32\ADVAPI32.dll
0x00007ffc72500000 - 0x00007ffc7259e000 	C:\Windows\System32\msvcrt.dll
0x00007ffc72280000 - 0x00007ffc72317000 	C:\Windows\System32\sechost.dll
0x00007ffc71cc0000 - 0x00007ffc71de0000 	C:\Windows\System32\RPCRT4.dll
0x00007ffc71310000 - 0x00007ffc714a4000 	C:\Windows\System32\USER32.dll
0x00007ffc70790000 - 0x00007ffc707b1000 	C:\Windows\System32\win32u.dll
0x00007ffc721d0000 - 0x00007ffc721f6000 	C:\Windows\System32\GDI32.dll
0x00007ffc70b60000 - 0x00007ffc70cf4000 	C:\Windows\System32\gdi32full.dll
0x00007ffc6ff10000 - 0x00007ffc6ffae000 	C:\Windows\System32\msvcp_win.dll
0x00007ffc707c0000 - 0x00007ffc708ba000 	C:\Windows\System32\ucrtbase.dll
0x00007ffc692b0000 - 0x00007ffc69535000 	C:\Windows\WinSxS\amd64_microsoft.windows.common-controls_6595b64144ccf1df_6.0.18362.778_none_e6c6b761130d4fb8\COMCTL32.dll
0x00007ffc71920000 - 0x00007ffc71c56000 	C:\Windows\System32\combase.dll
0x00007ffc6fe90000 - 0x00007ffc6ff10000 	C:\Windows\System32\bcryptPrimitives.dll
0x00007ffc70fb0000 - 0x00007ffc70fde000 	C:\Windows\System32\IMM32.DLL
0x00000000660c0000 - 0x0000000066192000 	C:\Android\AndroidStudio\jre\jre\bin\msvcr100.dll
0x00000000661a0000 - 0x00000000669e6000 	C:\Android\AndroidStudio\jre\jre\bin\server\jvm.dll
0x00007ffc71190000 - 0x00007ffc71198000 	C:\Windows\System32\PSAPI.DLL
0x00007ffc6da00000 - 0x00007ffc6da24000 	C:\Windows\SYSTEM32\WINMM.dll
0x00007ffc65470000 - 0x00007ffc6547a000 	C:\Windows\SYSTEM32\VERSION.dll
0x00007ffc6d9d0000 - 0x00007ffc6d9fd000 	C:\Windows\SYSTEM32\WINMMBASE.dll
0x00007ffc708c0000 - 0x00007ffc7090a000 	C:\Windows\System32\cfgmgr32.dll
0x00007ffc64100000 - 0x00007ffc64109000 	C:\Windows\SYSTEM32\WSOCK32.dll
0x00007ffc71de0000 - 0x00007ffc71e4f000 	C:\Windows\System32\WS2_32.dll
0x00007ffc640e0000 - 0x00007ffc640ef000 	C:\Android\AndroidStudio\jre\jre\bin\verify.dll
0x00007ffc4a6e0000 - 0x00007ffc4a709000 	C:\Android\AndroidStudio\jre\jre\bin\java.dll
0x00007ffc63800000 - 0x00007ffc63816000 	C:\Android\AndroidStudio\jre\jre\bin\zip.dll
0x00007ffc725a0000 - 0x00007ffc72c85000 	C:\Windows\System32\SHELL32.dll
0x00007ffc72320000 - 0x00007ffc723c9000 	C:\Windows\System32\shcore.dll
0x00007ffc6ffb0000 - 0x00007ffc70730000 	C:\Windows\System32\windows.storage.dll
0x00007ffc6fdd0000 - 0x00007ffc6fdf3000 	C:\Windows\System32\profapi.dll
0x00007ffc6fe40000 - 0x00007ffc6fe8a000 	C:\Windows\System32\powrprof.dll
0x00007ffc6fdc0000 - 0x00007ffc6fdd0000 	C:\Windows\System32\UMPDC.dll
0x00007ffc71c60000 - 0x00007ffc71cb2000 	C:\Windows\System32\shlwapi.dll
0x00007ffc6fe00000 - 0x00007ffc6fe11000 	C:\Windows\System32\kernel.appcore.dll
0x00007ffc70b10000 - 0x00007ffc70b27000 	C:\Windows\System32\cryptsp.dll
0x00007ffc4a810000 - 0x00007ffc4a82a000 	C:\Android\AndroidStudio\jre\jre\bin\net.dll
0x00007ffc62f40000 - 0x00007ffc63115000 	C:\Windows\SYSTEM32\urlmon.dll
0x00007ffc63240000 - 0x00007ffc634e6000 	C:\Windows\SYSTEM32\iertutil.dll
0x00007ffc6f7a0000 - 0x00007ffc6f7ac000 	C:\Windows\SYSTEM32\CRYPTBASE.DLL
0x00007ffc6f5d0000 - 0x00007ffc6f637000 	C:\Windows\system32\mswsock.dll
0x00007ffc4a6c0000 - 0x00007ffc4a6d3000 	C:\Android\AndroidStudio\jre\jre\bin\nio.dll
0x00007ffc64410000 - 0x00007ffc64436000 	C:\Users\nga\.gradle\native\30\windows-amd64\native-platform.dll
0x00007ffc63bb0000 - 0x00007ffc63bbd000 	C:\Android\AndroidStudio\jre\jre\bin\management.dll
0x00007ffc6f140000 - 0x00007ffc6f173000 	C:\Windows\system32\rsaenh.dll
0x00007ffc70b30000 - 0x00007ffc70b56000 	C:\Windows\System32\bcrypt.dll
0x00007ffc6fcb0000 - 0x00007ffc6fcd5000 	C:\Windows\SYSTEM32\USERENV.dll
0x00007ffc6f2e0000 - 0x00007ffc6f31a000 	C:\Windows\SYSTEM32\IPHLPAPI.DLL
0x00007ffc72110000 - 0x00007ffc72118000 	C:\Windows\System32\NSI.dll
0x00007ffc666b0000 - 0x00007ffc666c6000 	C:\Windows\SYSTEM32\dhcpcsvc6.DLL
0x00007ffc672a0000 - 0x00007ffc672bc000 	C:\Windows\SYSTEM32\dhcpcsvc.DLL
0x00007ffc6f320000 - 0x00007ffc6f3ea000 	C:\Windows\SYSTEM32\DNSAPI.dll

VM Arguments:
jvm_args: -Xmx1536m -Dfile.encoding=windows-1252 -Duser.country=US -Duser.language=en -Duser.variant 
java_command: org.gradle.launcher.daemon.bootstrap.GradleDaemon 5.6.4
java_class_path (initial): C:\Users\nga\.gradle\wrapper\dists\gradle-5.6.4-all\ankdp27end7byghfw1q2sw75f\gradle-5.6.4\lib\gradle-launcher-5.6.4.jar
Launcher Type: SUN_STANDARD

Environment Variables:
PATH=C:\Windows\system32;C:\Windows;C:\Windows\System32\Wbem;C:\Windows\System32\WindowsPowerShell\v1.0\;C:\Windows\System32\OpenSSH\;C:\Program Files (x86)\Microsoft SQL Server\150\DTS\Binn\;C:\Program Files\Microsoft SQL Server\Client SDK\ODBC\130\Tools\Binn\;C:\Program Files (x86)\Microsoft SQL Server\140\Tools\Binn\;C:\Program Files\Microsoft SQL Server\140\Tools\Binn\;C:\Program Files\Microsoft SQL Server\140\DTS\Binn\;C:\Program Files\Git\cmd;C:\Program Files\Microsoft SQL Server\130\Tools\Binn\;C:\Program Files\dotnet\;C:\Program Files\Microsoft SQL Server\Client SDK\ODBC\170\Tools\Binn\;C:\Users\nga\AppData\Local\Microsoft\WindowsApps
USERNAME=nga
OS=Windows_NT
PROCESSOR_IDENTIFIER=Intel64 Family 6 Model 58 Stepping 9, GenuineIntel



---------------  S Y S T E M  ---------------

OS: Windows 10.0 , 64 bit Build 18362 (10.0.18362.778)

CPU:total 4 (initial active 4) (2 cores per cpu, 2 threads per core) family 6 model 58 stepping 9, cmov, cx8, fxsr, mmx, sse, sse2, sse3, ssse3, sse4.1, sse4.2, popcnt, avx, clmul, erms, ht, tsc, tscinvbit, tscinv

Memory: 4k page, physical 4077168k(416936k free), swap 5125744k(5164k free)

vm_info: OpenJDK 64-Bit Server VM (25.212-b04) for windows-amd64 JRE (1.8.0_212-release-1586-b04), built by "builder" with MS VC++ 10.0 (VS2010)

time: Sat May 16 16:12:10 2020
timezone: SE Asia Standard Time
elapsed time: 10 seconds (0d 0h 0m 10s)

