#
# There is insufficient memory for the Java Runtime Environment to continue.
# Native memory allocation (malloc) failed to allocate 712720 bytes for Chunk::new
# Possible reasons:
#   The system is out of physical RAM or swap space
#   The process is running with CompressedOops enabled, and the Java Heap may be blocking the growth of the native heap
# Possible solutions:
#   Reduce memory load on the system
#   Increase physical memory or swap space
#   Check if swap backing store is full
#   Decrease Java heap size (-Xmx/-Xms)
#   Decrease number of Java threads
#   Decrease Java thread stack sizes (-Xss)
#   Set larger code cache with -XX:ReservedCodeCacheSize=
#   JVM is running with Unscaled Compressed Oops mode in which the Java heap is
#     placed in the first 4GB address space. The Java Heap base address is the
#     maximum limit for the native heap growth. Please use -XX:HeapBaseMinAddress
#     to set the Java Heap base and to place the Java Heap above 4GB virtual address.
# This output file may be truncated or incomplete.
#
#  Out of Memory Error (allocation.cpp:389), pid=9148, tid=0x000000000000178c
#
# JRE version: OpenJDK Runtime Environment (8.0_212-b04) (build 1.8.0_212-release-1586-b04)
# Java VM: OpenJDK 64-Bit Server VM (25.212-b04 mixed mode windows-amd64 compressed oops)
# Failed to write core dump. Minidumps are not enabled by default on client versions of Windows
#

---------------  T H R E A D  ---------------

Current thread (0x0000000016d2d000):  JavaThread "C2 CompilerThread0" daemon [_thread_in_native, id=6028, stack(0x0000000018390000,0x0000000018490000)]

Stack: [0x0000000018390000,0x0000000018490000]
[error occurred during error reporting (printing stack bounds), id 0xc0000005]

Native frames: (J=compiled Java code, j=interpreted, Vv=VM code, C=native code)


Current CompileTask:
C2:  11435 4264       4       com.sun.beans.TypeResolver::resolve (37 bytes)


---------------  P R O C E S S  ---------------

Java Threads: ( => current thread )
  0x000000001ccda000 JavaThread "Cache worker for Build Output Cleanup Cache (D:\ChuongTrinh\AndroidBuoi_5\.gradle\buildOutputCleanup)" [_thread_blocked, id=6672, stack(0x0000000021bc0000,0x0000000021cc0000)]
  0x000000001ccdb800 JavaThread "Build operations Thread 4" [_thread_blocked, id=2924, stack(0x00000000218c0000,0x00000000219c0000)]
  0x000000001ccdd800 JavaThread "Build operations Thread 3" [_thread_blocked, id=4504, stack(0x00000000217c0000,0x00000000218c0000)]
  0x000000001ccda800 JavaThread "Build operations Thread 2" [_thread_blocked, id=9348, stack(0x00000000216c0000,0x00000000217c0000)]
  0x000000001ccdd000 JavaThread "Build operations" [_thread_blocked, id=3580, stack(0x00000000215c0000,0x00000000216c0000)]
  0x000000001ccdc000 JavaThread "Cache worker for execution history cache (C:\Users\nga\.gradle\caches\5.6.4\executionHistory)" [_thread_blocked, id=8072, stack(0x0000000021240000,0x0000000021340000)]
  0x000000001a839000 JavaThread "Cache worker for cache directory md-rule (C:\Users\nga\.gradle\caches\5.6.4\md-rule)" [_thread_blocked, id=9412, stack(0x0000000020ce0000,0x0000000020de0000)]
  0x000000001a838800 JavaThread "Cache worker for cache directory md-supplier (C:\Users\nga\.gradle\caches\5.6.4\md-supplier)" [_thread_blocked, id=7248, stack(0x0000000020be0000,0x0000000020ce0000)]
  0x000000001a836000 JavaThread "Cache worker for file hash cache (D:\ChuongTrinh\AndroidBuoi_5\.gradle\5.6.4\fileHashes)" [_thread_blocked, id=8940, stack(0x000000001ef10000,0x000000001f010000)]
  0x000000001a83a800 JavaThread "Cache worker for journal cache (C:\Users\nga\.gradle\caches\journal-1)" [_thread_blocked, id=8500, stack(0x000000001cab0000,0x000000001cbb0000)]
  0x000000001a835800 JavaThread "File lock request listener" [_thread_in_native, id=9028, stack(0x000000001c9b0000,0x000000001cab0000)]
  0x000000001a834800 JavaThread "Cache worker for file hash cache (C:\Users\nga\.gradle\caches\5.6.4\fileHashes)" [_thread_blocked, id=3056, stack(0x000000001c8b0000,0x000000001c9b0000)]
  0x000000001a7c8800 JavaThread "Thread-9" [_thread_blocked, id=6852, stack(0x000000001c5b0000,0x000000001c6b0000)]
  0x000000001a7c9800 JavaThread "Stdin handler" [_thread_blocked, id=5896, stack(0x000000001c4b0000,0x000000001c5b0000)]
  0x000000001a7af000 JavaThread "Asynchronous log dispatcher for DefaultDaemonConnection: socket connection from /127.0.0.1:49833 to /127.0.0.1:49834" [_thread_blocked, id=11060, stack(0x000000001c3b0000,0x000000001c4b0000)]
  0x000000001a7ad000 JavaThread "Daemon worker" [_thread_in_Java, id=10704, stack(0x000000001c2b0000,0x000000001c3b0000)]
  0x000000001a7ac000 JavaThread "Cancel handler" [_thread_blocked, id=10620, stack(0x000000001c1b0000,0x000000001c2b0000)]
  0x000000001a73a000 JavaThread "Handler for socket connection from /127.0.0.1:49833 to /127.0.0.1:49834" [_thread_in_native, id=8580, stack(0x000000001beb0000,0x000000001bfb0000)]
  0x000000001a733800 JavaThread "Daemon" [_thread_blocked, id=8176, stack(0x000000001bdb0000,0x000000001beb0000)]
  0x000000001a694000 JavaThread "Daemon periodic checks" [_thread_blocked, id=3908, stack(0x000000001bcb0000,0x000000001bdb0000)]
  0x000000001a68f800 JavaThread "Incoming local TCP Connector on port 49833" [_thread_in_native, id=5300, stack(0x000000001ba70000,0x000000001bb70000)]
  0x000000001a62f000 JavaThread "Daemon health stats" [_thread_blocked, id=4540, stack(0x000000001b430000,0x000000001b530000)]
  0x00000000186c8800 JavaThread "Service Thread" daemon [_thread_blocked, id=4364, stack(0x0000000018a90000,0x0000000018b90000)]
  0x0000000016d40000 JavaThread "C1 CompilerThread2" daemon [_thread_in_native, id=1000, stack(0x0000000018590000,0x0000000018690000)]
  0x0000000016d31800 JavaThread "C2 CompilerThread1" daemon [_thread_in_native, id=2736, stack(0x0000000018490000,0x0000000018590000)]
=>0x0000000016d2d000 JavaThread "C2 CompilerThread0" daemon [_thread_in_native, id=6028, stack(0x0000000018390000,0x0000000018490000)]
  0x0000000016d2b800 JavaThread "Attach Listener" daemon [_thread_blocked, id=6944, stack(0x0000000018290000,0x0000000018390000)]
  0x0000000016d2a800 JavaThread "Signal Dispatcher" daemon [_thread_blocked, id=2196, stack(0x0000000018190000,0x0000000018290000)]
  0x00000000033bb800 JavaThread "Finalizer" daemon [_thread_blocked, id=1320, stack(0x0000000017f90000,0x0000000018090000)]
  0x0000000016d19000 JavaThread "Reference Handler" daemon [_thread_blocked, id=4676, stack(0x0000000017e90000,0x0000000017f90000)]
  0x00000000032bd800 JavaThread "main" [_thread_blocked, id=10176, stack(0x00000000030c0000,0x00000000031c0000)]

Other Threads:
  0x0000000016cf6800 VMThread [stack: 0x0000000017d90000,0x0000000017e90000] [id=8264]
  0x00000000186c9000 WatcherThread [stack: 0x0000000018b90000,0x0000000018c90000] [id=1684]

VM state:not at safepoint (normal execution)

VM Mutex/Monitor currently owned by a thread:  ([mutex/lock_event])
[0x00000000032bc0e0] CodeCache_lock - owner thread: 0x0000000000000000

heap address: 0x00000000a0000000, size: 1536 MB, Compressed Oops mode: 32-bit
Narrow klass base: 0x0000000000000000, Narrow klass shift: 3
Compressed class space size: 1073741824 Address: 0x0000000100000000

Heap:
 PSYoungGen      total 107008K, used 69976K [0x00000000e0000000, 0x00000000e8380000, 0x0000000100000000)
  eden space 98816K, 62% used [0x00000000e0000000,0x00000000e3c5d3d0,0x00000000e6080000)
  from space 8192K, 99% used [0x00000000e6080000,0x00000000e6878f88,0x00000000e6880000)
  to   space 8704K, 0% used [0x00000000e7b00000,0x00000000e7b00000,0x00000000e8380000)
 ParOldGen       total 33792K, used 20931K [0x00000000a0000000, 0x00000000a2100000, 0x00000000e0000000)
  object space 33792K, 61% used [0x00000000a0000000,0x00000000a1470e18,0x00000000a2100000)
 Metaspace       used 50505K, capacity 52006K, committed 52096K, reserved 1093632K
  class space    used 6862K, capacity 7250K, committed 7296K, reserved 1048576K

Card table byte_map: [0x0000000012780000,0x0000000012a90000] byte_map_base: 0x0000000012280000

Marking Bits: (ParMarkBitMap*) 0x0000000066969f30
 Begin Bits: [0x0000000013090000, 0x0000000014890000)
 End Bits:   [0x0000000014890000, 0x0000000016090000)

Polling page: 0x0000000003080000

CodeCache: size=245760Kb used=14235Kb max_used=14235Kb free=231524Kb
 bounds [0x00000000033c0000, 0x00000000041c0000, 0x00000000123c0000]
 total_blobs=4947 nmethods=4177 adapters=683
 compilation: enabled

Compilation events (10 events):
Event: 11.406 Thread 0x0000000016d40000 nmethod 4561 0x00000000041a1210 code [0x00000000041a1360, 0x00000000041a1470]
Event: 11.406 Thread 0x0000000016d40000 4565       1       com.android.builder.core.VariantTypeImpl::isForTesting (5 bytes)
Event: 11.406 Thread 0x0000000016d40000 nmethod 4565 0x00000000041a14d0 code [0x00000000041a1620, 0x00000000041a1730]
Event: 11.407 Thread 0x0000000016d40000 4566       3       org.gradle.internal.ImmutableActionSet::fromActions (63 bytes)
Event: 11.408 Thread 0x0000000016d40000 nmethod 4566 0x00000000041a1790 code [0x00000000041a19e0, 0x00000000041a2908]
Event: 11.408 Thread 0x0000000016d40000 4567       1       org.gradle.internal.ImmutableActionSet$EmptySet::isEmpty (2 bytes)
Event: 11.408 Thread 0x0000000016d40000 nmethod 4567 0x00000000041a2e10 code [0x00000000041a2f60, 0x00000000041a3070]
Event: 11.408 Thread 0x0000000016d40000 4568       3       jdk.internal.org.objectweb.asm.ClassWriter::visitEnd (1 bytes)
Event: 11.409 Thread 0x0000000016d40000 nmethod 4568 0x00000000041a30d0 code [0x00000000041a3220, 0x00000000041a3370]
Event: 11.409 Thread 0x0000000016d40000 4570   !   3       java.util.concurrent.ConcurrentHashMap::computeIfAbsent (493 bytes)

GC Heap History (10 events):
Event: 5.050 GC heap before
{Heap before GC invocations=11 (full 1):
 PSYoungGen      total 69632K, used 62976K [0x00000000e0000000, 0x00000000e7080000, 0x0000000100000000)
  eden space 62976K, 100% used [0x00000000e0000000,0x00000000e3d80000,0x00000000e3d80000)
  from space 6656K, 0% used [0x00000000e3d80000,0x00000000e3d80000,0x00000000e4400000)
  to   space 7168K, 0% used [0x00000000e6980000,0x00000000e6980000,0x00000000e7080000)
 ParOldGen       total 33792K, used 9747K [0x00000000a0000000, 0x00000000a2100000, 0x00000000e0000000)
  object space 33792K, 28% used [0x00000000a0000000,0x00000000a0984fd0,0x00000000a2100000)
 Metaspace       used 29042K, capacity 29576K, committed 29696K, reserved 1075200K
  class space    used 3909K, capacity 4067K, committed 4096K, reserved 1048576K
Event: 5.059 GC heap after
Heap after GC invocations=11 (full 1):
 PSYoungGen      total 93696K, used 7148K [0x00000000e0000000, 0x00000000e7080000, 0x0000000100000000)
  eden space 86528K, 0% used [0x00000000e0000000,0x00000000e0000000,0x00000000e5480000)
  from space 7168K, 99% used [0x00000000e6980000,0x00000000e707b380,0x00000000e7080000)
  to   space 8192K, 0% used [0x00000000e6080000,0x00000000e6080000,0x00000000e6880000)
 ParOldGen       total 33792K, used 10542K [0x00000000a0000000, 0x00000000a2100000, 0x00000000e0000000)
  object space 33792K, 31% used [0x00000000a0000000,0x00000000a0a4bba0,0x00000000a2100000)
 Metaspace       used 29042K, capacity 29576K, committed 29696K, reserved 1075200K
  class space    used 3909K, capacity 4067K, committed 4096K, reserved 1048576K
}
Event: 7.554 GC heap before
{Heap before GC invocations=12 (full 1):
 PSYoungGen      total 93696K, used 93676K [0x00000000e0000000, 0x00000000e7080000, 0x0000000100000000)
  eden space 86528K, 100% used [0x00000000e0000000,0x00000000e5480000,0x00000000e5480000)
  from space 7168K, 99% used [0x00000000e6980000,0x00000000e707b380,0x00000000e7080000)
  to   space 8192K, 0% used [0x00000000e6080000,0x00000000e6080000,0x00000000e6880000)
 ParOldGen       total 33792K, used 10542K [0x00000000a0000000, 0x00000000a2100000, 0x00000000e0000000)
  object space 33792K, 31% used [0x00000000a0000000,0x00000000a0a4bba0,0x00000000a2100000)
 Metaspace       used 33015K, capacity 33582K, committed 33792K, reserved 1079296K
  class space    used 4527K, capacity 4740K, committed 4864K, reserved 1048576K
Event: 7.577 GC heap after
Heap after GC invocations=12 (full 1):
 PSYoungGen      total 107008K, used 6219K [0x00000000e0000000, 0x00000000e8380000, 0x0000000100000000)
  eden space 98816K, 0% used [0x00000000e0000000,0x00000000e0000000,0x00000000e6080000)
  from space 8192K, 75% used [0x00000000e6080000,0x00000000e6692c88,0x00000000e6880000)
  to   space 8704K, 0% used [0x00000000e7b00000,0x00000000e7b00000,0x00000000e8380000)
 ParOldGen       total 33792K, used 13946K [0x00000000a0000000, 0x00000000a2100000, 0x00000000e0000000)
  object space 33792K, 41% used [0x00000000a0000000,0x00000000a0d9ebd0,0x00000000a2100000)
 Metaspace       used 33015K, capacity 33582K, committed 33792K, reserved 1079296K
  class space    used 4527K, capacity 4740K, committed 4864K, reserved 1048576K
}
Event: 8.348 GC heap before
{Heap before GC invocations=13 (full 1):
 PSYoungGen      total 107008K, used 47783K [0x00000000e0000000, 0x00000000e8380000, 0x0000000100000000)
  eden space 98816K, 42% used [0x00000000e0000000,0x00000000e2896fe0,0x00000000e6080000)
  from space 8192K, 75% used [0x00000000e6080000,0x00000000e6692c88,0x00000000e6880000)
  to   space 8704K, 0% used [0x00000000e7b00000,0x00000000e7b00000,0x00000000e8380000)
 ParOldGen       total 33792K, used 13946K [0x00000000a0000000, 0x00000000a2100000, 0x00000000e0000000)
  object space 33792K, 41% used [0x00000000a0000000,0x00000000a0d9ebd0,0x00000000a2100000)
 Metaspace       used 34688K, capacity 35454K, committed 35456K, reserved 1079296K
  class space    used 4760K, capacity 4990K, committed 4992K, reserved 1048576K
Event: 8.359 GC heap after
Heap after GC invocations=13 (full 1):
 PSYoungGen      total 107520K, used 3445K [0x00000000e0000000, 0x00000000e8380000, 0x0000000100000000)
  eden space 98816K, 0% used [0x00000000e0000000,0x00000000e0000000,0x00000000e6080000)
  from space 8704K, 39% used [0x00000000e7b00000,0x00000000e7e5d490,0x00000000e8380000)
  to   space 8192K, 0% used [0x00000000e6080000,0x00000000e6080000,0x00000000e6880000)
 ParOldGen       total 33792K, used 16122K [0x00000000a0000000, 0x00000000a2100000, 0x00000000e0000000)
  object space 33792K, 47% used [0x00000000a0000000,0x00000000a0fbebe8,0x00000000a2100000)
 Metaspace       used 34688K, capacity 35454K, committed 35456K, reserved 1079296K
  class space    used 4760K, capacity 4990K, committed 4992K, reserved 1048576K
}
Event: 8.359 GC heap before
{Heap before GC invocations=14 (full 2):
 PSYoungGen      total 107520K, used 3445K [0x00000000e0000000, 0x00000000e8380000, 0x0000000100000000)
  eden space 98816K, 0% used [0x00000000e0000000,0x00000000e0000000,0x00000000e6080000)
  from space 8704K, 39% used [0x00000000e7b00000,0x00000000e7e5d490,0x00000000e8380000)
  to   space 8192K, 0% used [0x00000000e6080000,0x00000000e6080000,0x00000000e6880000)
 ParOldGen       total 33792K, used 16122K [0x00000000a0000000, 0x00000000a2100000, 0x00000000e0000000)
  object space 33792K, 47% used [0x00000000a0000000,0x00000000a0fbebe8,0x00000000a2100000)
 Metaspace       used 34688K, capacity 35454K, committed 35456K, reserved 1079296K
  class space    used 4760K, capacity 4990K, committed 4992K, reserved 1048576K
Event: 8.440 GC heap after
Heap after GC invocations=14 (full 2):
 PSYoungGen      total 107520K, used 0K [0x00000000e0000000, 0x00000000e8380000, 0x0000000100000000)
  eden space 98816K, 0% used [0x00000000e0000000,0x00000000e0000000,0x00000000e6080000)
  from space 8704K, 0% used [0x00000000e7b00000,0x00000000e7b00000,0x00000000e8380000)
  to   space 8192K, 0% used [0x00000000e6080000,0x00000000e6080000,0x00000000e6880000)
 ParOldGen       total 33792K, used 15747K [0x00000000a0000000, 0x00000000a2100000, 0x00000000e0000000)
  object space 33792K, 46% used [0x00000000a0000000,0x00000000a0f60fd0,0x00000000a2100000)
 Metaspace       used 34688K, capacity 35454K, committed 35456K, reserved 1079296K
  class space    used 4760K, capacity 4990K, committed 4992K, reserved 1048576K
}
Event: 10.147 GC heap before
{Heap before GC invocations=15 (full 2):
 PSYoungGen      total 107520K, used 98081K [0x00000000e0000000, 0x00000000e8380000, 0x0000000100000000)
  eden space 98816K, 99% used [0x00000000e0000000,0x00000000e5fc8778,0x00000000e6080000)
  from space 8704K, 0% used [0x00000000e7b00000,0x00000000e7b00000,0x00000000e8380000)
  to   space 8192K, 0% used [0x00000000e6080000,0x00000000e6080000,0x00000000e6880000)
 ParOldGen       total 33792K, used 15747K [0x00000000a0000000, 0x00000000a2100000, 0x00000000e0000000)
  object space 33792K, 46% used [0x00000000a0000000,0x00000000a0f60fd0,0x00000000a2100000)
 Metaspace       used 44582K, capacity 45664K, committed 45824K, reserved 1089536K
  class space    used 6010K, capacity 6316K, committed 6400K, reserved 1048576K
Event: 10.163 GC heap after
Heap after GC invocations=15 (full 2):
 PSYoungGen      total 107008K, used 8163K [0x00000000e0000000, 0x00000000e8380000, 0x0000000100000000)
  eden space 98816K, 0% used [0x00000000e0000000,0x00000000e0000000,0x00000000e6080000)
  from space 8192K, 99% used [0x00000000e6080000,0x00000000e6878f88,0x00000000e6880000)
  to   space 8704K, 0% used [0x00000000e7b00000,0x00000000e7b00000,0x00000000e8380000)
 ParOldGen       total 33792K, used 20931K [0x00000000a0000000, 0x00000000a2100000, 0x00000000e0000000)
  object space 33792K, 61% used [0x00000000a0000000,0x00000000a1470e18,0x00000000a2100000)
 Metaspace       used 44582K, capacity 45664K, committed 45824K, reserved 1089536K
  class space    used 6010K, capacity 6316K, committed 6400K, reserved 1048576K
}

Deoptimization events (10 events):
Event: 9.697 Thread 0x000000001a7ad000 Uncommon trap: reason=unstable_if action=reinterpret pc=0x0000000003ea0438 method=java.util.LinkedHashMap.get(Ljava/lang/Object;)Ljava/lang/Object; @ 20
Event: 9.771 Thread 0x000000001a7ad000 Uncommon trap: reason=unstable_if action=reinterpret pc=0x0000000003f5c7b0 method=java.security.CodeSource.matchCerts(Ljava/security/CodeSource;Z)Z @ 11
Event: 9.821 Thread 0x000000001a7ad000 Uncommon trap: reason=unstable_if action=reinterpret pc=0x0000000003cf3228 method=org.objectweb.asm.ByteVector.putUTF8(Ljava/lang/String;)Lorg/objectweb/asm/ByteVector; @ 93
Event: 9.947 Thread 0x000000001a7ad000 Uncommon trap: reason=unstable_if action=reinterpret pc=0x0000000003a710b0 method=org.objectweb.asm.ByteVector.putUTF8(Ljava/lang/String;)Lorg/objectweb/asm/ByteVector; @ 93
Event: 10.375 Thread 0x000000001a7ad000 Uncommon trap: reason=unstable_if action=reinterpret pc=0x0000000003e1db30 method=org.gradle.internal.reflect.PropertyAccessorType.of(Ljava/lang/reflect/Method;)Lorg/gradle/internal/reflect/PropertyAccessorType; @ 56
Event: 10.547 Thread 0x000000001a7ad000 Uncommon trap: reason=unstable_if action=reinterpret pc=0x00000000039c7c88 method=com.sun.org.apache.xerces.internal.util.SymbolTable.addSymbol([CII)Ljava/lang/String; @ 38
Event: 10.610 Thread 0x000000001a7ad000 Uncommon trap: reason=speculate_class_check action=maybe_recompile pc=0x0000000003f9d028 method=com.google.common.collect.AbstractIndexedListIterator.next()Ljava/lang/Object; @ 27
Event: 10.610 Thread 0x000000001a7ad000 Uncommon trap: reason=speculate_class_check action=maybe_recompile pc=0x0000000003f9d028 method=com.google.common.collect.AbstractIndexedListIterator.next()Ljava/lang/Object; @ 27
Event: 10.610 Thread 0x000000001a7ad000 Uncommon trap: reason=speculate_class_check action=maybe_recompile pc=0x0000000003f9d028 method=com.google.common.collect.AbstractIndexedListIterator.next()Ljava/lang/Object; @ 27
Event: 10.610 Thread 0x000000001a7ad000 Uncommon trap: reason=speculate_class_check action=maybe_recompile pc=0x0000000003f9d028 method=com.google.common.collect.AbstractIndexedListIterator.next()Ljava/lang/Object; @ 27

Classes redefined (0 events):
No events

Internal exceptions (10 events):
Event: 10.773 Thread 0x000000001a7ad000 Exception <a 'java/lang/ClassNotFoundException': org/gradle/api/internal/file/AbstractFileCollectionBeanInfo> (0x00000000e230afa8) thrown at [D:\src\AOSP-openjdk-cygwin\jdk8u\hotspot\src\share\vm\classfile\systemDictionary.cpp, line 210]
Event: 10.774 Thread 0x000000001a7ad000 Exception <a 'java/lang/ClassNotFoundException': org/gradle/api/internal/file/AbstractFileCollectionCustomizer> (0x00000000e2348838) thrown at [D:\src\AOSP-openjdk-cygwin\jdk8u\hotspot\src\share\vm\classfile\systemDictionary.cpp, line 210]
Event: 10.777 Thread 0x000000001a7ad000 Exception <a 'java/lang/ClassNotFoundException': org/gradle/api/internal/file/CompositeFileCollectionCustomizer> (0x00000000e2396240) thrown at [D:\src\AOSP-openjdk-cygwin\jdk8u\hotspot\src\share\vm\classfile\systemDictionary.cpp, line 210]
Event: 10.778 Thread 0x000000001a7ad000 Exception <a 'java/lang/ClassNotFoundException': org/gradle/api/internal/file/CompositeFileTreeCustomizer> (0x00000000e23e02b0) thrown at [D:\src\AOSP-openjdk-cygwin\jdk8u\hotspot\src\share\vm\classfile\systemDictionary.cpp, line 210]
Event: 10.780 Thread 0x000000001a7ad000 Exception <a 'java/lang/ClassNotFoundException': org/gradle/api/internal/file/collections/DefaultConfigurableFileTreeCustomizer> (0x00000000e2435118) thrown at [D:\src\AOSP-openjdk-cygwin\jdk8u\hotspot\src\share\vm\classfile\systemDictionary.cpp, line 210
Event: 11.060 Thread 0x000000001a7ad000 Exception <a 'java/lang/ClassNotFoundException': org/gradle/api/plugins/internal/DefaultBasePluginConventionBeanInfo> (0x00000000e2e8f368) thrown at [D:\src\AOSP-openjdk-cygwin\jdk8u\hotspot\src\share\vm\classfile\systemDictionary.cpp, line 210]
Event: 11.061 Thread 0x000000001a7ad000 Exception <a 'java/lang/ClassNotFoundException': org/gradle/api/plugins/BasePluginConventionBeanInfo> (0x00000000e2eb9a28) thrown at [D:\src\AOSP-openjdk-cygwin\jdk8u\hotspot\src\share\vm\classfile\systemDictionary.cpp, line 210]
Event: 11.062 Thread 0x000000001a7ad000 Exception <a 'java/lang/ClassNotFoundException': org/gradle/api/plugins/BasePluginConventionCustomizer> (0x00000000e2ee47c8) thrown at [D:\src\AOSP-openjdk-cygwin\jdk8u\hotspot\src\share\vm\classfile\systemDictionary.cpp, line 210]
Event: 11.063 Thread 0x000000001a7ad000 Exception <a 'java/lang/ClassNotFoundException': org/gradle/api/plugins/internal/DefaultBasePluginConventionCustomizer> (0x00000000e2f29538) thrown at [D:\src\AOSP-openjdk-cygwin\jdk8u\hotspot\src\share\vm\classfile\systemDictionary.cpp, line 210]
Event: 11.074 Thread 0x000000001a7ad000 Exception <a 'java/lang/NoSuchMethodError': java.lang.Object.lambda$comparingInt$7b0bb60$1(Ljava/util/function/ToIntFunction;Ljava/lang/Object;Ljava/lang/Object;)I> (0x00000000e2fafdd8) thrown at [D:\src\AOSP-openjdk-cygwin\jdk8u\hotspot\src\share\vm\inte

Events (10 events):
Event: 11.408 loading class com/android/build/gradle/tasks/LintPerVariantTask
Event: 11.408 loading class com/android/build/gradle/tasks/LintPerVariantTask done
Event: 11.408 loading class com/android/build/gradle/internal/scope/VariantScope
Event: 11.408 loading class com/android/build/gradle/internal/scope/VariantScope done
Event: 11.409 loading class org/gradle/api/internal/tasks/TaskExecutionContext
Event: 11.409 loading class org/gradle/api/internal/tasks/TaskExecutionContext done
Event: 11.410 loading class org/gradle/execution/plan/TaskNodeFactory$TaskInAnotherBuild
Event: 11.410 loading class org/gradle/execution/plan/TaskNodeFactory$TaskInAnotherBuild done
Event: 11.412 loading class org/gradle/execution/plan/DefaultPlanExecutor
Event: 11.412 loading class org/gradle/execution/plan/DefaultPlanExecutor done


Dynamic libraries:
0x00007ff7e4fc0000 - 0x00007ff7e4ff1000 	C:\Android\AndroidStudio\jre\bin\java.exe
0x00007ffc72f00000 - 0x00007ffc730f0000 	C:\Windows\SYSTEM32\ntdll.dll
0x00007ffc723d0000 - 0x00007ffc72482000 	C:\Windows\System32\KERNEL32.DLL
0x00007ffc70d00000 - 0x00007ffc70fa3000 	C:\Windows\System32\KERNELBASE.dll
0x00007ffc72060000 - 0x00007ffc72103000 	C:\Windows\System32\ADVAPI32.dll
0x00007ffc72500000 - 0x00007ffc7259e000 	C:\Windows\System32\msvcrt.dll
0x00007ffc72280000 - 0x00007ffc72317000 	C:\Windows\System32\sechost.dll
0x00007ffc71cc0000 - 0x00007ffc71de0000 	C:\Windows\System32\RPCRT4.dll
0x00007ffc71310000 - 0x00007ffc714a4000 	C:\Windows\System32\USER32.dll
0x00007ffc70790000 - 0x00007ffc707b1000 	C:\Windows\System32\win32u.dll
0x00007ffc721d0000 - 0x00007ffc721f6000 	C:\Windows\System32\GDI32.dll
0x00007ffc70b60000 - 0x00007ffc70cf4000 	C:\Windows\System32\gdi32full.dll
0x00007ffc6ff10000 - 0x00007ffc6ffae000 	C:\Windows\System32\msvcp_win.dll
0x00007ffc707c0000 - 0x00007ffc708ba000 	C:\Windows\System32\ucrtbase.dll
0x00007ffc692b0000 - 0x00007ffc69535000 	C:\Windows\WinSxS\amd64_microsoft.windows.common-controls_6595b64144ccf1df_6.0.18362.778_none_e6c6b761130d4fb8\COMCTL32.dll
0x00007ffc71920000 - 0x00007ffc71c56000 	C:\Windows\System32\combase.dll
0x00007ffc6fe90000 - 0x00007ffc6ff10000 	C:\Windows\System32\bcryptPrimitives.dll
0x00007ffc70fb0000 - 0x00007ffc70fde000 	C:\Windows\System32\IMM32.DLL
0x00000000660c0000 - 0x0000000066192000 	C:\Android\AndroidStudio\jre\jre\bin\msvcr100.dll
0x00000000661a0000 - 0x00000000669e6000 	C:\Android\AndroidStudio\jre\jre\bin\server\jvm.dll
0x00007ffc71190000 - 0x00007ffc71198000 	C:\Windows\System32\PSAPI.DLL
0x00007ffc64100000 - 0x00007ffc64109000 	C:\Windows\SYSTEM32\WSOCK32.dll
0x00007ffc6da00000 - 0x00007ffc6da24000 	C:\Windows\SYSTEM32\WINMM.dll
0x00007ffc65470000 - 0x00007ffc6547a000 	C:\Windows\SYSTEM32\VERSION.dll
0x00007ffc6d9d0000 - 0x00007ffc6d9fd000 	C:\Windows\SYSTEM32\WINMMBASE.dll
0x00007ffc708c0000 - 0x00007ffc7090a000 	C:\Windows\System32\cfgmgr32.dll
0x0000000003010000 - 0x000000000307f000 	C:\Windows\System32\ws2_32.DLL
0x00007ffc640e0000 - 0x00007ffc640ef000 	C:\Android\AndroidStudio\jre\jre\bin\verify.dll
0x00007ffc4a6e0000 - 0x00007ffc4a709000 	C:\Android\AndroidStudio\jre\jre\bin\java.dll
0x00007ffc63800000 - 0x00007ffc63816000 	C:\Android\AndroidStudio\jre\jre\bin\zip.dll
0x00007ffc725a0000 - 0x00007ffc72c85000 	C:\Windows\System32\SHELL32.dll
0x00007ffc72320000 - 0x00007ffc723c9000 	C:\Windows\System32\shcore.dll
0x00007ffc6ffb0000 - 0x00007ffc70730000 	C:\Windows\System32\windows.storage.dll
0x00007ffc6fdd0000 - 0x00007ffc6fdf3000 	C:\Windows\System32\profapi.dll
0x00007ffc6fe40000 - 0x00007ffc6fe8a000 	C:\Windows\System32\powrprof.dll
0x00007ffc6fdc0000 - 0x00007ffc6fdd0000 	C:\Windows\System32\UMPDC.dll
0x00007ffc71c60000 - 0x00007ffc71cb2000 	C:\Windows\System32\shlwapi.dll
0x00007ffc6fe00000 - 0x00007ffc6fe11000 	C:\Windows\System32\kernel.appcore.dll
0x00007ffc70b10000 - 0x00007ffc70b27000 	C:\Windows\System32\cryptsp.dll
0x00007ffc4a810000 - 0x00007ffc4a82a000 	C:\Android\AndroidStudio\jre\jre\bin\net.dll
0x00007ffc62f40000 - 0x00007ffc63115000 	C:\Windows\SYSTEM32\urlmon.dll
0x00007ffc63240000 - 0x00007ffc634e6000 	C:\Windows\SYSTEM32\iertutil.dll
0x00007ffc6f7a0000 - 0x00007ffc6f7ac000 	C:\Windows\SYSTEM32\CRYPTBASE.DLL
0x00007ffc6f5d0000 - 0x00007ffc6f637000 	C:\Windows\system32\mswsock.dll
0x00007ffc4a6c0000 - 0x00007ffc4a6d3000 	C:\Android\AndroidStudio\jre\jre\bin\nio.dll
0x00007ffc64410000 - 0x00007ffc64436000 	C:\Users\nga\.gradle\native\30\windows-amd64\native-platform.dll
0x00007ffc63bb0000 - 0x00007ffc63bbd000 	C:\Android\AndroidStudio\jre\jre\bin\management.dll
0x00007ffc6f140000 - 0x00007ffc6f173000 	C:\Windows\system32\rsaenh.dll
0x00007ffc70b30000 - 0x00007ffc70b56000 	C:\Windows\System32\bcrypt.dll
0x00007ffc6fcb0000 - 0x00007ffc6fcd5000 	C:\Windows\SYSTEM32\USERENV.dll
0x00007ffc6f2e0000 - 0x00007ffc6f31a000 	C:\Windows\SYSTEM32\IPHLPAPI.DLL
0x00007ffc72110000 - 0x00007ffc72118000 	C:\Windows\System32\NSI.dll
0x00007ffc666b0000 - 0x00007ffc666c6000 	C:\Windows\SYSTEM32\dhcpcsvc6.DLL
0x00007ffc672a0000 - 0x00007ffc672bc000 	C:\Windows\SYSTEM32\dhcpcsvc.DLL
0x00007ffc6f320000 - 0x00007ffc6f3ea000 	C:\Windows\SYSTEM32\DNSAPI.dll

VM Arguments:
jvm_args: -Xmx1536m -Dfile.encoding=windows-1252 -Duser.country=US -Duser.language=en -Duser.variant 
java_command: org.gradle.launcher.daemon.bootstrap.GradleDaemon 5.6.4
java_class_path (initial): C:\Users\nga\.gradle\wrapper\dists\gradle-5.6.4-all\ankdp27end7byghfw1q2sw75f\gradle-5.6.4\lib\gradle-launcher-5.6.4.jar
Launcher Type: SUN_STANDARD

Environment Variables:
PATH=C:\Windows\system32;C:\Windows;C:\Windows\System32\Wbem;C:\Windows\System32\WindowsPowerShell\v1.0\;C:\Windows\System32\OpenSSH\;C:\Program Files (x86)\Microsoft SQL Server\150\DTS\Binn\;C:\Program Files\Microsoft SQL Server\Client SDK\ODBC\130\Tools\Binn\;C:\Program Files (x86)\Microsoft SQL Server\140\Tools\Binn\;C:\Program Files\Microsoft SQL Server\140\Tools\Binn\;C:\Program Files\Microsoft SQL Server\140\DTS\Binn\;C:\Program Files\Git\cmd;C:\Program Files\Microsoft SQL Server\130\Tools\Binn\;C:\Program Files\dotnet\;C:\Program Files\Microsoft SQL Server\Client SDK\ODBC\170\Tools\Binn\;C:\Users\nga\AppData\Local\Microsoft\WindowsApps
USERNAME=nga
OS=Windows_NT
PROCESSOR_IDENTIFIER=Intel64 Family 6 Model 58 Stepping 9, GenuineIntel



---------------  S Y S T E M  ---------------

OS: Windows 10.0 , 64 bit Build 18362 (10.0.18362.778)

CPU:total 4 (initial active 4) (2 cores per cpu, 2 threads per core) family 6 model 58 stepping 9, cmov, cx8, fxsr, mmx, sse, sse2, sse3, ssse3, sse4.1, sse4.2, popcnt, avx, clmul, erms, ht, tsc, tscinvbit, tscinv

Memory: 4k page, physical 4077168k(736880k free), swap 5125744k(5324k free)

vm_info: OpenJDK 64-Bit Server VM (25.212-b04) for windows-amd64 JRE (1.8.0_212-release-1586-b04), built by "builder" with MS VC++ 10.0 (VS2010)

time: Sat May 16 16:00:47 2020
timezone: SE Asia Standard Time
elapsed time: 11 seconds (0d 0h 0m 11s)

