#
# There is insufficient memory for the Java Runtime Environment to continue.
# Native memory allocation (malloc) failed to allocate 32744 bytes for ChunkPool::allocate
# Possible reasons:
#   The system is out of physical RAM or swap space
#   The process is running with CompressedOops enabled, and the Java Heap may be blocking the growth of the native heap
# Possible solutions:
#   Reduce memory load on the system
#   Increase physical memory or swap space
#   Check if swap backing store is full
#   Decrease Java heap size (-Xmx/-Xms)
#   Decrease number of Java threads
#   Decrease Java thread stack sizes (-Xss)
#   Set larger code cache with -XX:ReservedCodeCacheSize=
#   JVM is running with Unscaled Compressed Oops mode in which the Java heap is
#     placed in the first 4GB address space. The Java Heap base address is the
#     maximum limit for the native heap growth. Please use -XX:HeapBaseMinAddress
#     to set the Java Heap base and to place the Java Heap above 4GB virtual address.
# This output file may be truncated or incomplete.
#
#  Out of Memory Error (allocation.cpp:272), pid=4840, tid=0x0000000000000738
#
# JRE version: OpenJDK Runtime Environment (8.0_212-b04) (build 1.8.0_212-release-1586-b04)
# Java VM: OpenJDK 64-Bit Server VM (25.212-b04 mixed mode windows-amd64 compressed oops)
# Failed to write core dump. Minidumps are not enabled by default on client versions of Windows
#

---------------  T H R E A D  ---------------

Current thread (0x0000000016c34800):  JavaThread "C2 CompilerThread1" daemon [_thread_in_native, id=1848, stack(0x0000000018390000,0x0000000018490000)]

Stack: [0x0000000018390000,0x0000000018490000]
[error occurred during error reporting (printing stack bounds), id 0xc0000005]

Native frames: (J=compiled Java code, j=interpreted, Vv=VM code, C=native code)


Current CompileTask:
C2:  15437 5014       4       sun.reflect.generics.parser.SignatureParser::parsePackageNameAndSimpleClassTypeSignature (139 bytes)


---------------  P R O C E S S  ---------------

Java Threads: ( => current thread )
  0x000000001ad89800 JavaThread "Cache worker for file content cache (D:\ChuongTrinh\AndroidBuoi_5\.gradle\5.6.4\fileContent)" [_thread_blocked, id=4100, stack(0x0000000023980000,0x0000000023a80000)]
  0x000000001ad84000 JavaThread "Cache worker for file content cache (C:\Users\nga\.gradle\caches\5.6.4\fileContent)" [_thread_blocked, id=1420, stack(0x0000000023880000,0x0000000023980000)]
  0x000000001ad87000 JavaThread "Memory manager" [_thread_blocked, id=2288, stack(0x0000000022f50000,0x0000000023050000)]
  0x000000001ad7b000 JavaThread "Cache worker for Build Output Cleanup Cache (D:\ChuongTrinh\AndroidBuoi_5\.gradle\buildOutputCleanup)" [_thread_blocked, id=7628, stack(0x0000000022c50000,0x0000000022d50000)]
  0x000000001ad7f000 JavaThread "Build operations Thread 4" [_thread_blocked, id=8516, stack(0x0000000022550000,0x0000000022650000)]
  0x000000001ad7d800 JavaThread "Build operations Thread 3" [_thread_blocked, id=5968, stack(0x0000000022190000,0x0000000022290000)]
  0x000000001ad82000 JavaThread "Build operations Thread 2" [_thread_blocked, id=9416, stack(0x0000000022090000,0x0000000022190000)]
  0x000000001ad7e000 JavaThread "Build operations" [_thread_blocked, id=6864, stack(0x0000000021f90000,0x0000000022090000)]
  0x000000001ad7a800 JavaThread "Cache worker for execution history cache (C:\Users\nga\.gradle\caches\5.6.4\executionHistory)" [_thread_blocked, id=6696, stack(0x00000000207f0000,0x00000000208f0000)]
  0x000000001ad7f800 JavaThread "Cache worker for cache directory md-rule (C:\Users\nga\.gradle\caches\5.6.4\md-rule)" [_thread_blocked, id=4152, stack(0x000000001f230000,0x000000001f330000)]
  0x000000001a81f000 JavaThread "Cache worker for cache directory md-supplier (C:\Users\nga\.gradle\caches\5.6.4\md-supplier)" [_thread_blocked, id=4612, stack(0x000000001ef50000,0x000000001f050000)]
  0x000000001a81e800 JavaThread "Cache worker for file hash cache (D:\ChuongTrinh\AndroidBuoi_5\.gradle\5.6.4\fileHashes)" [_thread_blocked, id=7912, stack(0x000000001f130000,0x000000001f230000)]
  0x000000001a818800 JavaThread "Cache worker for journal cache (C:\Users\nga\.gradle\caches\journal-1)" [_thread_blocked, id=6984, stack(0x000000001c9b0000,0x000000001cab0000)]
  0x000000001a81a800 JavaThread "File lock request listener" [_thread_in_native, id=11156, stack(0x000000001c8b0000,0x000000001c9b0000)]
  0x000000001a81d800 JavaThread "Cache worker for file hash cache (C:\Users\nga\.gradle\caches\5.6.4\fileHashes)" [_thread_blocked, id=5604, stack(0x000000001c7b0000,0x000000001c8b0000)]
  0x000000001a5c2800 JavaThread "Thread-9" [_thread_blocked, id=3284, stack(0x000000001c4b0000,0x000000001c5b0000)]
  0x000000001a5c6800 JavaThread "Stdin handler" [_thread_blocked, id=4064, stack(0x000000001c3b0000,0x000000001c4b0000)]
  0x000000001a5cb800 JavaThread "Asynchronous log dispatcher for DefaultDaemonConnection: socket connection from /127.0.0.1:49827 to /127.0.0.1:49828" [_thread_blocked, id=5008, stack(0x000000001c2b0000,0x000000001c3b0000)]
  0x000000001a5c9800 JavaThread "Daemon worker" [_thread_in_Java, id=5192, stack(0x000000001c1b0000,0x000000001c2b0000)]
  0x000000001a5c8800 JavaThread "Cancel handler" [_thread_blocked, id=3020, stack(0x000000001c0b0000,0x000000001c1b0000)]
  0x000000001a57e000 JavaThread "Handler for socket connection from /127.0.0.1:49827 to /127.0.0.1:49828" [_thread_in_native, id=6020, stack(0x000000001bdb0000,0x000000001beb0000)]
  0x000000001a59d000 JavaThread "Daemon" [_thread_blocked, id=944, stack(0x000000001bcb0000,0x000000001bdb0000)]
  0x000000001a58e800 JavaThread "Daemon periodic checks" [_thread_blocked, id=7308, stack(0x000000001bbb0000,0x000000001bcb0000)]
  0x000000001a58c800 JavaThread "Incoming local TCP Connector on port 49827" [_thread_in_native, id=8932, stack(0x000000001b970000,0x000000001ba70000)]
  0x000000001a492000 JavaThread "Daemon health stats" [_thread_blocked, id=4868, stack(0x000000001b330000,0x000000001b430000)]
  0x00000000185c0800 JavaThread "Service Thread" daemon [_thread_blocked, id=404, stack(0x0000000018990000,0x0000000018a90000)]
  0x0000000016c38800 JavaThread "C1 CompilerThread2" daemon [_thread_in_vm, id=2628, stack(0x0000000018490000,0x0000000018590000)]
=>0x0000000016c34800 JavaThread "C2 CompilerThread1" daemon [_thread_in_native, id=1848, stack(0x0000000018390000,0x0000000018490000)]
  0x0000000016c2d000 JavaThread "C2 CompilerThread0" daemon [_thread_in_native, id=9764, stack(0x0000000018290000,0x0000000018390000)]
  0x0000000016c2b800 JavaThread "Attach Listener" daemon [_thread_blocked, id=6588, stack(0x0000000018190000,0x0000000018290000)]
  0x0000000016c2a000 JavaThread "Signal Dispatcher" daemon [_thread_blocked, id=1424, stack(0x0000000018090000,0x0000000018190000)]
  0x00000000032bb800 JavaThread "Finalizer" daemon [_thread_blocked, id=5784, stack(0x0000000017e90000,0x0000000017f90000)]
  0x00000000032b3000 JavaThread "Reference Handler" daemon [_thread_blocked, id=7860, stack(0x0000000017d90000,0x0000000017e90000)]
  0x00000000018cd800 JavaThread "main" [_thread_blocked, id=5236, stack(0x00000000018d0000,0x00000000019d0000)]

Other Threads:
  0x0000000016bf6800 VMThread [stack: 0x0000000017c90000,0x0000000017d90000] [id=9516]
  0x0000000016c8d000 WatcherThread [stack: 0x0000000018a90000,0x0000000018b90000] [id=9900]

VM state:not at safepoint (normal execution)

VM Mutex/Monitor currently owned by a thread: None

heap address: 0x00000000a0000000, size: 1536 MB, Compressed Oops mode: 32-bit
Narrow klass base: 0x0000000000000000, Narrow klass shift: 3
Compressed class space size: 1073741824 Address: 0x0000000100000000

Heap:
 PSYoungGen      total 132608K, used 128752K [0x00000000e0000000, 0x00000000e8f00000, 0x0000000100000000)
  eden space 121856K, 96% used [0x00000000e0000000,0x00000000e733c738,0x00000000e7700000)
  from space 10752K, 99% used [0x00000000e7b00000,0x00000000e857f910,0x00000000e8580000)
  to   space 9728K, 0% used [0x00000000e8580000,0x00000000e8580000,0x00000000e8f00000)
 ParOldGen       total 41472K, used 20017K [0x00000000a0000000, 0x00000000a2880000, 0x00000000e0000000)
  object space 41472K, 48% used [0x00000000a0000000,0x00000000a138c5f8,0x00000000a2880000)
 Metaspace       used 55861K, capacity 57672K, committed 57856K, reserved 1099776K
  class space    used 7690K, capacity 8115K, committed 8192K, reserved 1048576K

Card table byte_map: [0x0000000012680000,0x0000000012990000] byte_map_base: 0x0000000012180000

Marking Bits: (ParMarkBitMap*) 0x0000000066969f30
 Begin Bits: [0x0000000012f90000, 0x0000000014790000)
 End Bits:   [0x0000000014790000, 0x0000000015f90000)

Polling page: 0x0000000001890000

CodeCache: size=245760Kb used=16757Kb max_used=16757Kb free=229003Kb
 bounds [0x00000000032c0000, 0x0000000004330000, 0x00000000122c0000]
 total_blobs=5822 nmethods=5043 adapters=692
 compilation: enabled

Compilation events (10 events):
Event: 15.433 Thread 0x0000000016c38800 nmethod 5451 0x0000000004323610 code [0x00000000043237a0, 0x0000000004323d48]
Event: 15.433 Thread 0x0000000016c38800 5452       3       java.util.stream.StreamOpFlag::isKnown (19 bytes)
Event: 15.434 Thread 0x0000000016c38800 nmethod 5452 0x0000000004323e90 code [0x0000000004323fe0, 0x0000000004324190]
Event: 15.434 Thread 0x0000000016c38800 5456       3       java.util.stream.AbstractPipeline::wrapSink (37 bytes)
Event: 15.434 Thread 0x0000000016c38800 nmethod 5456 0x0000000004324210 code [0x00000000043243a0, 0x00000000043247d8]
Event: 15.434 Thread 0x0000000016c38800 5453       3       java.util.stream.AbstractPipeline::evaluate (94 bytes)
Event: 15.435 Thread 0x0000000016c38800 nmethod 5453 0x0000000004324990 code [0x0000000004324b80, 0x00000000043252a8]
Event: 15.435 Thread 0x0000000016c38800 5460       3       java.util.stream.StreamOpFlag::fromCharacteristics (37 bytes)
Event: 15.435 Thread 0x0000000016c38800 nmethod 5460 0x0000000004325510 code [0x0000000004325680, 0x00000000043259d8]
Event: 15.435 Thread 0x0000000016c38800 5454       3       java.util.stream.AbstractPipeline::sourceSpliterator (265 bytes)

GC Heap History (10 events):
Event: 5.708 GC heap before
{Heap before GC invocations=9 (full 1):
 PSYoungGen      total 71680K, used 64512K [0x00000000e0000000, 0x00000000e9200000, 0x0000000100000000)
  eden space 64512K, 100% used [0x00000000e0000000,0x00000000e3f00000,0x00000000e3f00000)
  from space 7168K, 0% used [0x00000000e3f00000,0x00000000e3f00000,0x00000000e4600000)
  to   space 10240K, 0% used [0x00000000e8800000,0x00000000e8800000,0x00000000e9200000)
 ParOldGen       total 41472K, used 12101K [0x00000000a0000000, 0x00000000a2880000, 0x00000000e0000000)
  object space 41472K, 29% used [0x00000000a0000000,0x00000000a0bd1530,0x00000000a2880000)
 Metaspace       used 29103K, capacity 29672K, committed 30080K, reserved 1075200K
  class space    used 3920K, capacity 4099K, committed 4224K, reserved 1048576K
Event: 5.721 GC heap after
Heap after GC invocations=9 (full 1):
 PSYoungGen      total 103424K, used 7908K [0x00000000e0000000, 0x00000000e9000000, 0x0000000100000000)
  eden space 95232K, 0% used [0x00000000e0000000,0x00000000e0000000,0x00000000e5d00000)
  from space 8192K, 96% used [0x00000000e8800000,0x00000000e8fb9300,0x00000000e9000000)
  to   space 10752K, 0% used [0x00000000e7b00000,0x00000000e7b00000,0x00000000e8580000)
 ParOldGen       total 41472K, used 12109K [0x00000000a0000000, 0x00000000a2880000, 0x00000000e0000000)
  object space 41472K, 29% used [0x00000000a0000000,0x00000000a0bd3530,0x00000000a2880000)
 Metaspace       used 29103K, capacity 29672K, committed 30080K, reserved 1075200K
  class space    used 3920K, capacity 4099K, committed 4224K, reserved 1048576K
}
Event: 7.332 GC heap before
{Heap before GC invocations=10 (full 1):
 PSYoungGen      total 103424K, used 103140K [0x00000000e0000000, 0x00000000e9000000, 0x0000000100000000)
  eden space 95232K, 100% used [0x00000000e0000000,0x00000000e5d00000,0x00000000e5d00000)
  from space 8192K, 96% used [0x00000000e8800000,0x00000000e8fb9300,0x00000000e9000000)
  to   space 10752K, 0% used [0x00000000e7b00000,0x00000000e7b00000,0x00000000e8580000)
 ParOldGen       total 41472K, used 12109K [0x00000000a0000000, 0x00000000a2880000, 0x00000000e0000000)
  object space 41472K, 29% used [0x00000000a0000000,0x00000000a0bd3530,0x00000000a2880000)
 Metaspace       used 33554K, capacity 34214K, committed 34304K, reserved 1079296K
  class space    used 4600K, capacity 4814K, committed 4864K, reserved 1048576K
Event: 7.351 GC heap after
Heap after GC invocations=10 (full 1):
 PSYoungGen      total 132608K, used 10406K [0x00000000e0000000, 0x00000000e8f00000, 0x0000000100000000)
  eden space 121856K, 0% used [0x00000000e0000000,0x00000000e0000000,0x00000000e7700000)
  from space 10752K, 96% used [0x00000000e7b00000,0x00000000e8529960,0x00000000e8580000)
  to   space 9728K, 0% used [0x00000000e8580000,0x00000000e8580000,0x00000000e8f00000)
 ParOldGen       total 41472K, used 12117K [0x00000000a0000000, 0x00000000a2880000, 0x00000000e0000000)
  object space 41472K, 29% used [0x00000000a0000000,0x00000000a0bd5530,0x00000000a2880000)
 Metaspace       used 33554K, capacity 34214K, committed 34304K, reserved 1079296K
  class space    used 4600K, capacity 4814K, committed 4864K, reserved 1048576K
}
Event: 8.247 GC heap before
{Heap before GC invocations=11 (full 1):
 PSYoungGen      total 132608K, used 41156K [0x00000000e0000000, 0x00000000e8f00000, 0x0000000100000000)
  eden space 121856K, 25% used [0x00000000e0000000,0x00000000e1e076a8,0x00000000e7700000)
  from space 10752K, 96% used [0x00000000e7b00000,0x00000000e8529960,0x00000000e8580000)
  to   space 9728K, 0% used [0x00000000e8580000,0x00000000e8580000,0x00000000e8f00000)
 ParOldGen       total 41472K, used 12117K [0x00000000a0000000, 0x00000000a2880000, 0x00000000e0000000)
  object space 41472K, 29% used [0x00000000a0000000,0x00000000a0bd5530,0x00000000a2880000)
 Metaspace       used 34565K, capacity 35378K, committed 35456K, reserved 1079296K
  class space    used 4742K, capacity 4962K, committed 4992K, reserved 1048576K
Event: 8.261 GC heap after
Heap after GC invocations=11 (full 1):
 PSYoungGen      total 131584K, used 8225K [0x00000000e0000000, 0x00000000e8f00000, 0x0000000100000000)
  eden space 121856K, 0% used [0x00000000e0000000,0x00000000e0000000,0x00000000e7700000)
  from space 9728K, 84% used [0x00000000e8580000,0x00000000e8d886e8,0x00000000e8f00000)
  to   space 10752K, 0% used [0x00000000e7b00000,0x00000000e7b00000,0x00000000e8580000)
 ParOldGen       total 41472K, used 12125K [0x00000000a0000000, 0x00000000a2880000, 0x00000000e0000000)
  object space 41472K, 29% used [0x00000000a0000000,0x00000000a0bd7530,0x00000000a2880000)
 Metaspace       used 34565K, capacity 35378K, committed 35456K, reserved 1079296K
  class space    used 4742K, capacity 4962K, committed 4992K, reserved 1048576K
}
Event: 8.261 GC heap before
{Heap before GC invocations=12 (full 2):
 PSYoungGen      total 131584K, used 8225K [0x00000000e0000000, 0x00000000e8f00000, 0x0000000100000000)
  eden space 121856K, 0% used [0x00000000e0000000,0x00000000e0000000,0x00000000e7700000)
  from space 9728K, 84% used [0x00000000e8580000,0x00000000e8d886e8,0x00000000e8f00000)
  to   space 10752K, 0% used [0x00000000e7b00000,0x00000000e7b00000,0x00000000e8580000)
 ParOldGen       total 41472K, used 12125K [0x00000000a0000000, 0x00000000a2880000, 0x00000000e0000000)
  object space 41472K, 29% used [0x00000000a0000000,0x00000000a0bd7530,0x00000000a2880000)
 Metaspace       used 34565K, capacity 35378K, committed 35456K, reserved 1079296K
  class space    used 4742K, capacity 4962K, committed 4992K, reserved 1048576K
Event: 8.390 GC heap after
Heap after GC invocations=12 (full 2):
 PSYoungGen      total 131584K, used 0K [0x00000000e0000000, 0x00000000e8f00000, 0x0000000100000000)
  eden space 121856K, 0% used [0x00000000e0000000,0x00000000e0000000,0x00000000e7700000)
  from space 9728K, 0% used [0x00000000e8580000,0x00000000e8580000,0x00000000e8f00000)
  to   space 10752K, 0% used [0x00000000e7b00000,0x00000000e7b00000,0x00000000e8580000)
 ParOldGen       total 41472K, used 15075K [0x00000000a0000000, 0x00000000a2880000, 0x00000000e0000000)
  object space 41472K, 36% used [0x00000000a0000000,0x00000000a0eb8e68,0x00000000a2880000)
 Metaspace       used 34555K, capacity 35348K, committed 35456K, reserved 1079296K
  class space    used 4740K, capacity 4957K, committed 4992K, reserved 1048576K
}
Event: 12.560 GC heap before
{Heap before GC invocations=13 (full 2):
 PSYoungGen      total 131584K, used 121856K [0x00000000e0000000, 0x00000000e8f00000, 0x0000000100000000)
  eden space 121856K, 100% used [0x00000000e0000000,0x00000000e7700000,0x00000000e7700000)
  from space 9728K, 0% used [0x00000000e8580000,0x00000000e8580000,0x00000000e8f00000)
  to   space 10752K, 0% used [0x00000000e7b00000,0x00000000e7b00000,0x00000000e8580000)
 ParOldGen       total 41472K, used 15075K [0x00000000a0000000, 0x00000000a2880000, 0x00000000e0000000)
  object space 41472K, 36% used [0x00000000a0000000,0x00000000a0eb8e68,0x00000000a2880000)
 Metaspace       used 47418K, capacity 48562K, committed 48896K, reserved 1091584K
  class space    used 6331K, capacity 6632K, committed 6656K, reserved 1048576K
Event: 12.578 GC heap after
Heap after GC invocations=13 (full 2):
 PSYoungGen      total 132608K, used 10750K [0x00000000e0000000, 0x00000000e8f00000, 0x0000000100000000)
  eden space 121856K, 0% used [0x00000000e0000000,0x00000000e0000000,0x00000000e7700000)
  from space 10752K, 99% used [0x00000000e7b00000,0x00000000e857f910,0x00000000e8580000)
  to   space 9728K, 0% used [0x00000000e8580000,0x00000000e8580000,0x00000000e8f00000)
 ParOldGen       total 41472K, used 20017K [0x00000000a0000000, 0x00000000a2880000, 0x00000000e0000000)
  object space 41472K, 48% used [0x00000000a0000000,0x00000000a138c5f8,0x00000000a2880000)
 Metaspace       used 47418K, capacity 48562K, committed 48896K, reserved 1091584K
  class space    used 6331K, capacity 6632K, committed 6656K, reserved 1048576K
}

Deoptimization events (10 events):
Event: 14.343 Thread 0x000000001a5c9800 Uncommon trap: reason=bimorphic action=maybe_recompile pc=0x0000000003ef8344 method=java.util.regex.Pattern$5.isSatisfiedBy(I)Z @ 16
Event: 14.343 Thread 0x000000001a5c9800 Uncommon trap: reason=bimorphic action=maybe_recompile pc=0x0000000003ef8344 method=java.util.regex.Pattern$5.isSatisfiedBy(I)Z @ 16
Event: 14.343 Thread 0x000000001a5c9800 Uncommon trap: reason=bimorphic action=maybe_recompile pc=0x0000000003ef8344 method=java.util.regex.Pattern$5.isSatisfiedBy(I)Z @ 16
Event: 14.343 Thread 0x000000001a5c9800 Uncommon trap: reason=bimorphic action=maybe_recompile pc=0x0000000003ef8344 method=java.util.regex.Pattern$5.isSatisfiedBy(I)Z @ 16
Event: 14.778 Thread 0x000000001a5c9800 Uncommon trap: reason=unstable_if action=reinterpret pc=0x00000000038b0128 method=java.util.regex.Pattern$BmpCharProperty.match(Ljava/util/regex/Matcher;ILjava/lang/CharSequence;)Z @ 34
Event: 14.821 Thread 0x000000001a5c9800 Uncommon trap: reason=unstable_if action=reinterpret pc=0x0000000003fa31c4 method=com.sun.org.apache.xerces.internal.impl.XMLEntityScanner.skipSpaces()Z @ 14
Event: 14.822 Thread 0x000000001a5c9800 Uncommon trap: reason=unstable_if action=reinterpret pc=0x0000000003f90770 method=com.sun.org.apache.xerces.internal.impl.XMLEntityScanner.scanLiteral(ILcom/sun/org/apache/xerces/internal/xni/XMLString;Z)I @ 660
Event: 14.838 Thread 0x000000001a5c9800 Uncommon trap: reason=unstable_if action=reinterpret pc=0x0000000003f9fb00 method=com.sun.org.apache.xerces.internal.util.SymbolTable.addSymbol([CII)Ljava/lang/String; @ 38
Event: 14.886 Thread 0x000000001a5c9800 Uncommon trap: reason=unstable_if action=reinterpret pc=0x0000000003eb2cd8 method=com.google.gson.stream.JsonReader.doPeek()I @ 315
Event: 14.996 Thread 0x000000001a5c9800 Uncommon trap: reason=unstable_if action=reinterpret pc=0x0000000003b03f74 method=java.lang.String.lastIndexOf([CII[CIII)I @ 118

Classes redefined (0 events):
No events

Internal exceptions (10 events):
Event: 13.258 Thread 0x000000001a5c9800 Exception <a 'java/lang/NoSuchMethodError': java.lang.Object.lambda$comparingInt$7b0bb60$1(Ljava/util/function/ToIntFunction;Ljava/lang/Object;Ljava/lang/Object;)I> (0x00000000e1b3e5e0) thrown at [D:\src\AOSP-openjdk-cygwin\jdk8u\hotspot\src\share\vm\inte
Event: 13.314 Thread 0x000000001a5c9800 Implicit null exception at 0x0000000003dbd2e4 to 0x0000000003dbd5ed
Event: 13.872 Thread 0x000000001a5c9800 Exception <a 'java/lang/ClassNotFoundException': com/android/build/gradle/internal/api/ApkVariantOutputImpl_DecoratedBeanInfo> (0x00000000e2bcb710) thrown at [D:\src\AOSP-openjdk-cygwin\jdk8u\hotspot\src\share\vm\classfile\systemDictionary.cpp, line 210]
Event: 13.873 Thread 0x000000001a5c9800 Exception <a 'java/lang/ClassNotFoundException': com/android/build/gradle/internal/api/ApkVariantOutputImplBeanInfo> (0x00000000e2be7580) thrown at [D:\src\AOSP-openjdk-cygwin\jdk8u\hotspot\src\share\vm\classfile\systemDictionary.cpp, line 210]
Event: 13.873 Thread 0x000000001a5c9800 Exception <a 'java/lang/ClassNotFoundException': com/android/build/gradle/internal/api/BaseVariantOutputImplBeanInfo> (0x00000000e2c04708) thrown at [D:\src\AOSP-openjdk-cygwin\jdk8u\hotspot\src\share\vm\classfile\systemDictionary.cpp, line 210]
Event: 13.873 Thread 0x000000001a5c9800 Exception <a 'java/lang/ClassNotFoundException': com/android/build/gradle/internal/api/BaseVariantOutputImplCustomizer> (0x00000000e2c21da8) thrown at [D:\src\AOSP-openjdk-cygwin\jdk8u\hotspot\src\share\vm\classfile\systemDictionary.cpp, line 210]
Event: 13.874 Thread 0x000000001a5c9800 Exception <a 'java/lang/ClassNotFoundException': com/android/build/gradle/internal/api/ApkVariantOutputImplCustomizer> (0x00000000e2c590d8) thrown at [D:\src\AOSP-openjdk-cygwin\jdk8u\hotspot\src\share\vm\classfile\systemDictionary.cpp, line 210]
Event: 13.875 Thread 0x000000001a5c9800 Exception <a 'java/lang/ClassNotFoundException': com/android/build/gradle/internal/api/ApkVariantOutputImpl_DecoratedCustomizer> (0x00000000e2c8b7e8) thrown at [D:\src\AOSP-openjdk-cygwin\jdk8u\hotspot\src\share\vm\classfile\systemDictionary.cpp, line 210
Event: 14.409 Thread 0x000000001a5c9800 Exception <a 'java/lang/ClassNotFoundException': com/sun/org/glassfish/hk2/osgiresourcelocator/ServiceLoader> (0x00000000e454e2f0) thrown at [D:\src\AOSP-openjdk-cygwin\jdk8u\hotspot\src\share\vm\classfile\systemDictionary.cpp, line 210]
Event: 14.457 Thread 0x000000001a5c9800 Exception <a 'java/lang/NullPointerException'> (0x00000000e4a17668) thrown at [D:\src\AOSP-openjdk-cygwin\jdk8u\hotspot\src\share\vm\interpreter\linkResolver.cpp, line 1287]

Events (10 events):
Event: 15.430 loading class org/gradle/internal/Pair
Event: 15.430 loading class org/gradle/internal/Pair done
Event: 15.431 loading class org/gradle/api/internal/attributes/AttributeContainerInternal
Event: 15.431 loading class org/gradle/api/internal/attributes/AttributeContainerInternal done
Event: 15.431 loading class org/gradle/internal/Pair
Event: 15.431 loading class org/gradle/internal/Pair done
Event: 15.431 loading class org/gradle/api/internal/attributes/AttributeContainerInternal
Event: 15.431 loading class org/gradle/api/internal/attributes/AttributeContainerInternal done
Event: 15.431 loading class org/gradle/api/internal/artifacts/transform/ConsumerProvidedResolvedVariant
Event: 15.431 loading class org/gradle/api/internal/artifacts/transform/ConsumerProvidedResolvedVariant done


Dynamic libraries:
0x00007ff7e4fc0000 - 0x00007ff7e4ff1000 	C:\Android\AndroidStudio\jre\bin\java.exe
0x00007ffc72f00000 - 0x00007ffc730f0000 	C:\Windows\SYSTEM32\ntdll.dll
0x00007ffc723d0000 - 0x00007ffc72482000 	C:\Windows\System32\KERNEL32.DLL
0x00007ffc70d00000 - 0x00007ffc70fa3000 	C:\Windows\System32\KERNELBASE.dll
0x00007ffc72060000 - 0x00007ffc72103000 	C:\Windows\System32\ADVAPI32.dll
0x00007ffc72500000 - 0x00007ffc7259e000 	C:\Windows\System32\msvcrt.dll
0x00007ffc72280000 - 0x00007ffc72317000 	C:\Windows\System32\sechost.dll
0x00007ffc71cc0000 - 0x00007ffc71de0000 	C:\Windows\System32\RPCRT4.dll
0x00007ffc71310000 - 0x00007ffc714a4000 	C:\Windows\System32\USER32.dll
0x00007ffc70790000 - 0x00007ffc707b1000 	C:\Windows\System32\win32u.dll
0x00007ffc721d0000 - 0x00007ffc721f6000 	C:\Windows\System32\GDI32.dll
0x00007ffc70b60000 - 0x00007ffc70cf4000 	C:\Windows\System32\gdi32full.dll
0x00007ffc6ff10000 - 0x00007ffc6ffae000 	C:\Windows\System32\msvcp_win.dll
0x00007ffc707c0000 - 0x00007ffc708ba000 	C:\Windows\System32\ucrtbase.dll
0x00007ffc692b0000 - 0x00007ffc69535000 	C:\Windows\WinSxS\amd64_microsoft.windows.common-controls_6595b64144ccf1df_6.0.18362.778_none_e6c6b761130d4fb8\COMCTL32.dll
0x00007ffc71920000 - 0x00007ffc71c56000 	C:\Windows\System32\combase.dll
0x00007ffc6fe90000 - 0x00007ffc6ff10000 	C:\Windows\System32\bcryptPrimitives.dll
0x00007ffc70fb0000 - 0x00007ffc70fde000 	C:\Windows\System32\IMM32.DLL
0x00000000660c0000 - 0x0000000066192000 	C:\Android\AndroidStudio\jre\jre\bin\msvcr100.dll
0x00000000661a0000 - 0x00000000669e6000 	C:\Android\AndroidStudio\jre\jre\bin\server\jvm.dll
0x00007ffc71190000 - 0x00007ffc71198000 	C:\Windows\System32\PSAPI.DLL
0x00007ffc64100000 - 0x00007ffc64109000 	C:\Windows\SYSTEM32\WSOCK32.dll
0x00007ffc65470000 - 0x00007ffc6547a000 	C:\Windows\SYSTEM32\VERSION.dll
0x00007ffc6da00000 - 0x00007ffc6da24000 	C:\Windows\SYSTEM32\WINMM.dll
0x00007ffc71de0000 - 0x00007ffc71e4f000 	C:\Windows\System32\WS2_32.dll
0x00007ffc6d9d0000 - 0x00007ffc6d9fd000 	C:\Windows\SYSTEM32\winmmbase.dll
0x00007ffc708c0000 - 0x00007ffc7090a000 	C:\Windows\System32\cfgmgr32.dll
0x00007ffc640e0000 - 0x00007ffc640ef000 	C:\Android\AndroidStudio\jre\jre\bin\verify.dll
0x00007ffc4a6e0000 - 0x00007ffc4a709000 	C:\Android\AndroidStudio\jre\jre\bin\java.dll
0x00007ffc63800000 - 0x00007ffc63816000 	C:\Android\AndroidStudio\jre\jre\bin\zip.dll
0x00007ffc725a0000 - 0x00007ffc72c85000 	C:\Windows\System32\SHELL32.dll
0x00007ffc72320000 - 0x00007ffc723c9000 	C:\Windows\System32\shcore.dll
0x00007ffc6ffb0000 - 0x00007ffc70730000 	C:\Windows\System32\windows.storage.dll
0x00007ffc6fdd0000 - 0x00007ffc6fdf3000 	C:\Windows\System32\profapi.dll
0x00007ffc6fe40000 - 0x00007ffc6fe8a000 	C:\Windows\System32\powrprof.dll
0x00007ffc6fdc0000 - 0x00007ffc6fdd0000 	C:\Windows\System32\UMPDC.dll
0x00007ffc71c60000 - 0x00007ffc71cb2000 	C:\Windows\System32\shlwapi.dll
0x00007ffc6fe00000 - 0x00007ffc6fe11000 	C:\Windows\System32\kernel.appcore.dll
0x00007ffc70b10000 - 0x00007ffc70b27000 	C:\Windows\System32\cryptsp.dll
0x00007ffc4a810000 - 0x00007ffc4a82a000 	C:\Android\AndroidStudio\jre\jre\bin\net.dll
0x00007ffc62f40000 - 0x00007ffc63115000 	C:\Windows\SYSTEM32\urlmon.dll
0x00007ffc63240000 - 0x00007ffc634e6000 	C:\Windows\SYSTEM32\iertutil.dll
0x00007ffc6f7a0000 - 0x00007ffc6f7ac000 	C:\Windows\SYSTEM32\CRYPTBASE.DLL
0x00007ffc6f5d0000 - 0x00007ffc6f637000 	C:\Windows\system32\mswsock.dll
0x00007ffc4a6c0000 - 0x00007ffc4a6d3000 	C:\Android\AndroidStudio\jre\jre\bin\nio.dll
0x00007ffc64410000 - 0x00007ffc64436000 	C:\Users\nga\.gradle\native\30\windows-amd64\native-platform.dll
0x00007ffc63bb0000 - 0x00007ffc63bbd000 	C:\Android\AndroidStudio\jre\jre\bin\management.dll
0x00007ffc6f140000 - 0x00007ffc6f173000 	C:\Windows\system32\rsaenh.dll
0x00007ffc70b30000 - 0x00007ffc70b56000 	C:\Windows\System32\bcrypt.dll
0x00007ffc6fcb0000 - 0x00007ffc6fcd5000 	C:\Windows\SYSTEM32\USERENV.dll
0x00007ffc6f2e0000 - 0x00007ffc6f31a000 	C:\Windows\SYSTEM32\IPHLPAPI.DLL
0x00007ffc72110000 - 0x00007ffc72118000 	C:\Windows\System32\NSI.dll
0x00007ffc666b0000 - 0x00007ffc666c6000 	C:\Windows\SYSTEM32\dhcpcsvc6.DLL
0x00007ffc672a0000 - 0x00007ffc672bc000 	C:\Windows\SYSTEM32\dhcpcsvc.DLL
0x00007ffc6f320000 - 0x00007ffc6f3ea000 	C:\Windows\SYSTEM32\DNSAPI.dll

VM Arguments:
jvm_args: -Xmx1536m -Dfile.encoding=windows-1252 -Duser.country=US -Duser.language=en -Duser.variant 
java_command: org.gradle.launcher.daemon.bootstrap.GradleDaemon 5.6.4
java_class_path (initial): C:\Users\nga\.gradle\wrapper\dists\gradle-5.6.4-all\ankdp27end7byghfw1q2sw75f\gradle-5.6.4\lib\gradle-launcher-5.6.4.jar
Launcher Type: SUN_STANDARD

Environment Variables:
PATH=C:\Windows\system32;C:\Windows;C:\Windows\System32\Wbem;C:\Windows\System32\WindowsPowerShell\v1.0\;C:\Windows\System32\OpenSSH\;C:\Program Files (x86)\Microsoft SQL Server\150\DTS\Binn\;C:\Program Files\Microsoft SQL Server\Client SDK\ODBC\130\Tools\Binn\;C:\Program Files (x86)\Microsoft SQL Server\140\Tools\Binn\;C:\Program Files\Microsoft SQL Server\140\Tools\Binn\;C:\Program Files\Microsoft SQL Server\140\DTS\Binn\;C:\Program Files\Git\cmd;C:\Program Files\Microsoft SQL Server\130\Tools\Binn\;C:\Program Files\dotnet\;C:\Program Files\Microsoft SQL Server\Client SDK\ODBC\170\Tools\Binn\;C:\Users\nga\AppData\Local\Microsoft\WindowsApps
USERNAME=nga
OS=Windows_NT
PROCESSOR_IDENTIFIER=Intel64 Family 6 Model 58 Stepping 9, GenuineIntel



---------------  S Y S T E M  ---------------

OS: Windows 10.0 , 64 bit Build 18362 (10.0.18362.778)

CPU:total 4 (initial active 4) (2 cores per cpu, 2 threads per core) family 6 model 58 stepping 9, cmov, cx8, fxsr, mmx, sse, sse2, sse3, ssse3, sse4.1, sse4.2, popcnt, avx, clmul, erms, ht, tsc, tscinvbit, tscinv

Memory: 4k page, physical 4077168k(755276k free), swap 5125744k(4096k free)

vm_info: OpenJDK 64-Bit Server VM (25.212-b04) for windows-amd64 JRE (1.8.0_212-release-1586-b04), built by "builder" with MS VC++ 10.0 (VS2010)

time: Sat May 16 16:00:07 2020
timezone: SE Asia Standard Time
elapsed time: 15 seconds (0d 0h 0m 15s)

